TimeQuest Timing Analyzer report for calculadora
Fri Jul  7 19:33:48 2017
Quartus II 32-bit Version 13.0.1 Build 232 06/12/2013 Service Pack 1 SJ Web Edition


---------------------
; Table of Contents ;
---------------------
  1. Legal Notice
  2. TimeQuest Timing Analyzer Summary
  3. Parallel Compilation
  4. Clocks
  5. Slow Model Fmax Summary
  6. Slow Model Setup Summary
  7. Slow Model Hold Summary
  8. Slow Model Recovery Summary
  9. Slow Model Removal Summary
 10. Slow Model Minimum Pulse Width Summary
 11. Propagation Delay
 12. Minimum Propagation Delay
 13. Fast Model Setup Summary
 14. Fast Model Hold Summary
 15. Fast Model Recovery Summary
 16. Fast Model Removal Summary
 17. Fast Model Minimum Pulse Width Summary
 18. Propagation Delay
 19. Minimum Propagation Delay
 20. Multicorner Timing Analysis Summary
 21. Progagation Delay
 22. Minimum Progagation Delay
 23. Clock Transfers
 24. Report TCCS
 25. Report RSKM
 26. Unconstrained Paths
 27. TimeQuest Timing Analyzer Messages



----------------
; Legal Notice ;
----------------
Copyright (C) 1991-2013 Altera Corporation
Your use of Altera Corporation's design tools, logic functions 
and other software and tools, and its AMPP partner logic 
functions, and any output files from any of the foregoing 
(including device programming or simulation files), and any 
associated documentation or information are expressly subject 
to the terms and conditions of the Altera Program License 
Subscription Agreement, Altera MegaCore Function License 
Agreement, or other applicable license agreement, including, 
without limitation, that your use is for the sole purpose of 
programming logic devices manufactured by Altera and sold by 
Altera or its authorized distributors.  Please refer to the 
applicable agreement for further details.



+----------------------------------------------------------------------------------------+
; TimeQuest Timing Analyzer Summary                                                      ;
+--------------------+-------------------------------------------------------------------+
; Quartus II Version ; Version 13.0.1 Build 232 06/12/2013 Service Pack 1 SJ Web Edition ;
; Revision Name      ; calculadora                                                       ;
; Device Family      ; Cyclone II                                                        ;
; Device Name        ; EP2C35F672C6                                                      ;
; Timing Models      ; Final                                                             ;
; Delay Model        ; Combined                                                          ;
; Rise/Fall Delays   ; Unavailable                                                       ;
+--------------------+-------------------------------------------------------------------+


Parallel compilation was disabled, but you have multiple processors available. Enable parallel compilation to reduce compilation time.
+-------------------------------------+
; Parallel Compilation                ;
+----------------------------+--------+
; Processors                 ; Number ;
+----------------------------+--------+
; Number detected on machine ; 4      ;
; Maximum allowed            ; 1      ;
+----------------------------+--------+


----------
; Clocks ;
----------
No clocks to report.


---------------------------
; Slow Model Fmax Summary ;
---------------------------
No paths to report.


----------------------------
; Slow Model Setup Summary ;
----------------------------
No paths to report.


---------------------------
; Slow Model Hold Summary ;
---------------------------
No paths to report.


-------------------------------
; Slow Model Recovery Summary ;
-------------------------------
No paths to report.


------------------------------
; Slow Model Removal Summary ;
------------------------------
No paths to report.


------------------------------------------
; Slow Model Minimum Pulse Width Summary ;
------------------------------------------
No paths to report.


+--------------------------------------------------------------+
; Propagation Delay                                            ;
+------------+-------------+--------+--------+--------+--------+
; Input Port ; Output Port ; RR     ; RF     ; FR     ; FF     ;
+------------+-------------+--------+--------+--------+--------+
; A[0]       ; LED_0[0]    ; 11.632 ; 11.632 ; 11.632 ; 11.632 ;
; A[0]       ; LED_0[1]    ; 11.601 ; 11.601 ; 11.601 ; 11.601 ;
; A[0]       ; LED_0[2]    ; 11.611 ; 11.611 ; 11.611 ; 11.611 ;
; A[0]       ; LED_0[3]    ; 11.401 ; 11.401 ; 11.401 ; 11.401 ;
; A[0]       ; LED_0[4]    ; 11.401 ; 11.401 ; 11.401 ; 11.401 ;
; A[0]       ; LED_0[5]    ; 11.606 ; 11.606 ; 11.606 ; 11.606 ;
; A[0]       ; LED_0[6]    ; 11.606 ; 11.606 ; 11.606 ; 11.606 ;
; A[0]       ; LED_1[0]    ; 9.300  ; 9.300  ; 9.300  ; 9.300  ;
; A[0]       ; LED_1[1]    ; 9.308  ; 9.308  ; 9.308  ; 9.308  ;
; A[0]       ; LED_1[2]    ; 8.923  ; 8.923  ; 8.923  ; 8.923  ;
; A[0]       ; LED_1[3]    ; 8.870  ; 8.870  ; 8.870  ; 8.870  ;
; A[0]       ; LED_1[4]    ; 8.925  ; 8.925  ; 8.925  ; 8.925  ;
; A[0]       ; LED_1[5]    ; 9.159  ; 9.159  ; 9.159  ; 9.159  ;
; A[0]       ; LED_1[6]    ; 9.174  ; 9.174  ; 9.174  ; 9.174  ;
; A[0]       ; N           ; 7.904  ; 7.904  ; 7.904  ; 7.904  ;
; A[0]       ; V           ; 8.356  ; 8.356  ; 8.356  ; 8.356  ;
; A[0]       ; Z           ; 8.554  ; 8.554  ; 8.554  ; 8.554  ;
; A[1]       ; LED_0[0]    ; 11.104 ; 11.104 ; 11.104 ; 11.104 ;
; A[1]       ; LED_0[1]    ; 11.073 ; 11.073 ; 11.073 ; 11.073 ;
; A[1]       ; LED_0[2]    ; 11.083 ; 11.083 ; 11.083 ; 11.083 ;
; A[1]       ; LED_0[3]    ; 10.873 ; 10.873 ; 10.873 ; 10.873 ;
; A[1]       ; LED_0[4]    ; 10.873 ; 10.873 ; 10.873 ; 10.873 ;
; A[1]       ; LED_0[5]    ; 11.078 ; 11.078 ; 11.078 ; 11.078 ;
; A[1]       ; LED_0[6]    ; 11.078 ; 11.078 ; 11.078 ; 11.078 ;
; A[1]       ; LED_1[0]    ; 8.772  ; 8.772  ; 8.772  ; 8.772  ;
; A[1]       ; LED_1[1]    ; 8.780  ; 8.780  ; 8.780  ; 8.780  ;
; A[1]       ; LED_1[2]    ; 8.395  ; 8.395  ; 8.395  ; 8.395  ;
; A[1]       ; LED_1[3]    ; 8.342  ; 8.342  ; 8.342  ; 8.342  ;
; A[1]       ; LED_1[4]    ; 8.397  ; 8.397  ; 8.397  ; 8.397  ;
; A[1]       ; LED_1[5]    ; 8.631  ; 8.631  ; 8.631  ; 8.631  ;
; A[1]       ; LED_1[6]    ; 8.646  ; 8.646  ; 8.646  ; 8.646  ;
; A[1]       ; N           ; 7.376  ; 7.376  ; 7.376  ; 7.376  ;
; A[1]       ; V           ; 7.828  ; 7.828  ; 7.828  ; 7.828  ;
; A[1]       ; Z           ; 8.026  ; 8.026  ; 8.026  ; 8.026  ;
; A[2]       ; LED_0[0]    ; 11.048 ; 11.048 ; 11.048 ; 11.048 ;
; A[2]       ; LED_0[1]    ; 11.017 ; 11.017 ; 11.017 ; 11.017 ;
; A[2]       ; LED_0[2]    ; 11.027 ; 11.027 ; 11.027 ; 11.027 ;
; A[2]       ; LED_0[3]    ; 10.817 ; 10.817 ; 10.817 ; 10.817 ;
; A[2]       ; LED_0[4]    ; 10.817 ; 10.817 ; 10.817 ; 10.817 ;
; A[2]       ; LED_0[5]    ; 11.022 ; 11.022 ; 11.022 ; 11.022 ;
; A[2]       ; LED_0[6]    ; 11.022 ; 11.022 ; 11.022 ; 11.022 ;
; A[2]       ; LED_1[0]    ; 8.677  ; 8.677  ; 8.677  ; 8.677  ;
; A[2]       ; LED_1[1]    ; 8.724  ; 8.724  ; 8.724  ; 8.724  ;
; A[2]       ; LED_1[2]    ; 8.339  ; 8.339  ; 8.339  ; 8.339  ;
; A[2]       ; LED_1[3]    ; 8.286  ; 8.286  ; 8.286  ; 8.286  ;
; A[2]       ; LED_1[4]    ; 8.341  ; 8.341  ; 8.341  ; 8.341  ;
; A[2]       ; LED_1[5]    ; 8.575  ; 8.575  ; 8.575  ; 8.575  ;
; A[2]       ; LED_1[6]    ; 8.590  ; 8.590  ; 8.590  ; 8.590  ;
; A[2]       ; N           ; 7.320  ; 7.320  ; 7.320  ; 7.320  ;
; A[2]       ; V           ; 7.772  ; 7.772  ; 7.772  ; 7.772  ;
; A[2]       ; Z           ; 7.665  ; 7.669  ; 7.669  ; 7.665  ;
; A[3]       ; LED_0[0]    ; 10.811 ; 11.053 ; 11.053 ; 10.811 ;
; A[3]       ; LED_0[1]    ; 11.022 ; 10.780 ; 10.780 ; 11.022 ;
; A[3]       ; LED_0[2]    ; 11.032 ; 10.790 ; 10.790 ; 11.032 ;
; A[3]       ; LED_0[3]    ; 10.822 ; 10.580 ; 10.580 ; 10.822 ;
; A[3]       ; LED_0[4]    ; 10.822 ; 10.580 ; 10.580 ; 10.822 ;
; A[3]       ; LED_0[5]    ; 11.027 ; 10.785 ; 10.785 ; 11.027 ;
; A[3]       ; LED_0[6]    ; 11.027 ; 10.785 ; 10.785 ; 11.027 ;
; A[3]       ; LED_1[0]    ; 8.520  ; 8.682  ; 8.682  ; 8.520  ;
; A[3]       ; LED_1[1]    ; 8.729  ; 8.547  ; 8.547  ; 8.729  ;
; A[3]       ; LED_1[2]    ; 8.344  ; 8.147  ; 8.147  ; 8.344  ;
; A[3]       ; LED_1[3]    ; 8.291  ; 8.097  ; 8.097  ; 8.291  ;
; A[3]       ; LED_1[4]    ; 8.346  ; 8.164  ; 8.164  ; 8.346  ;
; A[3]       ; LED_1[5]    ; 8.580  ; 8.382  ; 8.382  ; 8.580  ;
; A[3]       ; LED_1[6]    ; 8.595  ; 8.411  ; 8.411  ; 8.595  ;
; A[3]       ; N           ; 7.365  ; 7.365  ; 7.365  ; 7.365  ;
; A[3]       ; V           ; 7.777  ; 7.535  ; 7.535  ; 7.777  ;
; B[0]       ; LED_0[0]    ; 12.156 ; 12.156 ; 12.156 ; 12.156 ;
; B[0]       ; LED_0[1]    ; 12.125 ; 12.125 ; 12.125 ; 12.125 ;
; B[0]       ; LED_0[2]    ; 12.135 ; 12.135 ; 12.135 ; 12.135 ;
; B[0]       ; LED_0[3]    ; 11.925 ; 11.925 ; 11.925 ; 11.925 ;
; B[0]       ; LED_0[4]    ; 11.925 ; 11.925 ; 11.925 ; 11.925 ;
; B[0]       ; LED_0[5]    ; 12.130 ; 12.130 ; 12.130 ; 12.130 ;
; B[0]       ; LED_0[6]    ; 12.130 ; 12.130 ; 12.130 ; 12.130 ;
; B[0]       ; LED_1[0]    ; 9.824  ; 9.824  ; 9.824  ; 9.824  ;
; B[0]       ; LED_1[1]    ; 9.832  ; 9.832  ; 9.832  ; 9.832  ;
; B[0]       ; LED_1[2]    ; 9.447  ; 9.447  ; 9.447  ; 9.447  ;
; B[0]       ; LED_1[3]    ; 9.394  ; 9.394  ; 9.394  ; 9.394  ;
; B[0]       ; LED_1[4]    ; 9.449  ; 9.449  ; 9.449  ; 9.449  ;
; B[0]       ; LED_1[5]    ; 9.683  ; 9.683  ; 9.683  ; 9.683  ;
; B[0]       ; LED_1[6]    ; 9.698  ; 9.698  ; 9.698  ; 9.698  ;
; B[0]       ; N           ; 8.428  ; 8.428  ; 8.428  ; 8.428  ;
; B[0]       ; V           ; 8.880  ; 8.880  ; 8.880  ; 8.880  ;
; B[0]       ; Z           ; 9.078  ; 9.078  ; 9.078  ; 9.078  ;
; B[1]       ; LED_0[0]    ; 11.992 ; 11.992 ; 11.992 ; 11.992 ;
; B[1]       ; LED_0[1]    ; 11.961 ; 11.961 ; 11.961 ; 11.961 ;
; B[1]       ; LED_0[2]    ; 11.971 ; 11.971 ; 11.971 ; 11.971 ;
; B[1]       ; LED_0[3]    ; 11.761 ; 11.761 ; 11.761 ; 11.761 ;
; B[1]       ; LED_0[4]    ; 11.761 ; 11.761 ; 11.761 ; 11.761 ;
; B[1]       ; LED_0[5]    ; 11.966 ; 11.966 ; 11.966 ; 11.966 ;
; B[1]       ; LED_0[6]    ; 11.966 ; 11.966 ; 11.966 ; 11.966 ;
; B[1]       ; LED_1[0]    ; 9.660  ; 9.660  ; 9.660  ; 9.660  ;
; B[1]       ; LED_1[1]    ; 9.668  ; 9.668  ; 9.668  ; 9.668  ;
; B[1]       ; LED_1[2]    ; 9.283  ; 9.283  ; 9.283  ; 9.283  ;
; B[1]       ; LED_1[3]    ; 9.230  ; 9.230  ; 9.230  ; 9.230  ;
; B[1]       ; LED_1[4]    ; 9.285  ; 9.285  ; 9.285  ; 9.285  ;
; B[1]       ; LED_1[5]    ; 9.519  ; 9.519  ; 9.519  ; 9.519  ;
; B[1]       ; LED_1[6]    ; 9.534  ; 9.534  ; 9.534  ; 9.534  ;
; B[1]       ; N           ; 8.264  ; 8.264  ; 8.264  ; 8.264  ;
; B[1]       ; V           ; 8.716  ; 8.716  ; 8.716  ; 8.716  ;
; B[1]       ; Z           ; 8.914  ; 8.914  ; 8.914  ; 8.914  ;
; B[2]       ; LED_0[0]    ; 10.634 ; 10.634 ; 10.634 ; 10.634 ;
; B[2]       ; LED_0[1]    ; 10.603 ; 10.603 ; 10.603 ; 10.603 ;
; B[2]       ; LED_0[2]    ; 10.613 ; 10.613 ; 10.613 ; 10.613 ;
; B[2]       ; LED_0[3]    ; 10.403 ; 10.403 ; 10.403 ; 10.403 ;
; B[2]       ; LED_0[4]    ; 10.403 ; 10.403 ; 10.403 ; 10.403 ;
; B[2]       ; LED_0[5]    ; 10.608 ; 10.608 ; 10.608 ; 10.608 ;
; B[2]       ; LED_0[6]    ; 10.608 ; 10.608 ; 10.608 ; 10.608 ;
; B[2]       ; LED_1[0]    ; 8.632  ; 8.632  ; 8.632  ; 8.632  ;
; B[2]       ; LED_1[1]    ; 8.659  ; 8.659  ; 8.659  ; 8.659  ;
; B[2]       ; LED_1[2]    ; 8.259  ; 8.259  ; 8.259  ; 8.259  ;
; B[2]       ; LED_1[3]    ; 8.209  ; 8.209  ; 8.209  ; 8.209  ;
; B[2]       ; LED_1[4]    ; 8.276  ; 8.276  ; 8.276  ; 8.276  ;
; B[2]       ; LED_1[5]    ; 8.494  ; 8.494  ; 8.494  ; 8.494  ;
; B[2]       ; LED_1[6]    ; 8.523  ; 8.523  ; 8.523  ; 8.523  ;
; B[2]       ; N           ; 6.906  ; 6.906  ; 6.906  ; 6.906  ;
; B[2]       ; V           ; 7.358  ; 7.358  ; 7.358  ; 7.358  ;
; B[2]       ; Z           ; 7.835  ; 7.842  ; 7.842  ; 7.835  ;
; B[3]       ; LED_0[0]    ; 11.081 ; 11.977 ; 11.977 ; 11.081 ;
; B[3]       ; LED_0[1]    ; 11.946 ; 11.050 ; 11.050 ; 11.946 ;
; B[3]       ; LED_0[2]    ; 11.956 ; 11.060 ; 11.060 ; 11.956 ;
; B[3]       ; LED_0[3]    ; 11.746 ; 10.850 ; 10.850 ; 11.746 ;
; B[3]       ; LED_0[4]    ; 11.746 ; 10.850 ; 10.850 ; 11.746 ;
; B[3]       ; LED_0[5]    ; 11.951 ; 11.055 ; 11.055 ; 11.951 ;
; B[3]       ; LED_0[6]    ; 11.951 ; 11.055 ; 11.055 ; 11.951 ;
; B[3]       ; LED_1[0]    ; 9.381  ; 9.606  ; 9.606  ; 9.381  ;
; B[3]       ; LED_1[1]    ; 9.653  ; 9.408  ; 9.408  ; 9.653  ;
; B[3]       ; LED_1[2]    ; 9.268  ; 9.008  ; 9.008  ; 9.268  ;
; B[3]       ; LED_1[3]    ; 9.215  ; 8.958  ; 8.958  ; 9.215  ;
; B[3]       ; LED_1[4]    ; 9.270  ; 9.025  ; 9.025  ; 9.270  ;
; B[3]       ; LED_1[5]    ; 9.504  ; 9.243  ; 9.243  ; 9.504  ;
; B[3]       ; LED_1[6]    ; 9.519  ; 9.272  ; 9.272  ; 9.519  ;
; B[3]       ; N           ; 8.226  ; 8.226  ; 8.226  ; 8.226  ;
; B[3]       ; V           ; 8.701  ; 7.805  ; 7.805  ; 8.701  ;
; C_IN       ; LED_0[0]    ; 12.053 ; 12.409 ; 12.409 ; 12.053 ;
; C_IN       ; LED_0[1]    ; 12.378 ; 12.022 ; 12.022 ; 12.378 ;
; C_IN       ; LED_0[2]    ; 12.388 ; 12.032 ; 12.032 ; 12.388 ;
; C_IN       ; LED_0[3]    ; 12.178 ; 11.822 ; 11.822 ; 12.178 ;
; C_IN       ; LED_0[4]    ; 12.178 ; 11.822 ; 11.822 ; 12.178 ;
; C_IN       ; LED_0[5]    ; 12.383 ; 12.027 ; 12.027 ; 12.383 ;
; C_IN       ; LED_0[6]    ; 12.383 ; 12.027 ; 12.027 ; 12.383 ;
; C_IN       ; LED_1[0]    ; 10.064 ; 10.064 ; 10.064 ; 10.064 ;
; C_IN       ; LED_1[1]    ; 10.091 ; 10.091 ; 10.091 ; 10.091 ;
; C_IN       ; LED_1[2]    ; 9.700  ; 9.691  ; 9.691  ; 9.700  ;
; C_IN       ; LED_1[3]    ; 9.647  ; 9.641  ; 9.641  ; 9.647  ;
; C_IN       ; LED_1[4]    ; 9.708  ; 9.708  ; 9.708  ; 9.708  ;
; C_IN       ; LED_1[5]    ; 9.936  ; 9.926  ; 9.926  ; 9.936  ;
; C_IN       ; LED_1[6]    ; 9.955  ; 9.955  ; 9.955  ; 9.955  ;
; C_IN       ; V           ; 9.133  ; 8.777  ; 8.777  ; 9.133  ;
; C_IN       ; Z           ; 8.965  ; 9.274  ; 9.274  ; 8.965  ;
; SEL[0]     ; LED_0[0]    ; 16.892 ; 16.892 ; 16.892 ; 16.892 ;
; SEL[0]     ; LED_0[1]    ; 16.861 ; 16.861 ; 16.861 ; 16.861 ;
; SEL[0]     ; LED_0[2]    ; 16.871 ; 16.871 ; 16.871 ; 16.871 ;
; SEL[0]     ; LED_0[3]    ; 16.661 ; 16.661 ; 16.661 ; 16.661 ;
; SEL[0]     ; LED_0[4]    ; 16.661 ; 16.661 ; 16.661 ; 16.661 ;
; SEL[0]     ; LED_0[5]    ; 16.866 ; 16.866 ; 16.866 ; 16.866 ;
; SEL[0]     ; LED_0[6]    ; 16.866 ; 16.866 ; 16.866 ; 16.866 ;
; SEL[0]     ; LED_1[0]    ; 14.560 ; 14.560 ; 14.560 ; 14.560 ;
; SEL[0]     ; LED_1[1]    ; 14.568 ; 14.568 ; 14.568 ; 14.568 ;
; SEL[0]     ; LED_1[2]    ; 14.183 ; 14.183 ; 14.183 ; 14.183 ;
; SEL[0]     ; LED_1[3]    ; 14.130 ; 14.130 ; 14.130 ; 14.130 ;
; SEL[0]     ; LED_1[4]    ; 14.185 ; 14.185 ; 14.185 ; 14.185 ;
; SEL[0]     ; LED_1[5]    ; 14.419 ; 14.419 ; 14.419 ; 14.419 ;
; SEL[0]     ; LED_1[6]    ; 14.434 ; 14.434 ; 14.434 ; 14.434 ;
; SEL[0]     ; N           ; 13.164 ; 13.164 ; 13.164 ; 13.164 ;
; SEL[0]     ; V           ; 13.616 ; 13.616 ; 13.616 ; 13.616 ;
; SEL[0]     ; Z           ; 13.814 ; 13.814 ; 13.814 ; 13.814 ;
; SEL[1]     ; LED_0[0]    ; 14.551 ; 15.254 ; 15.254 ; 14.551 ;
; SEL[1]     ; LED_0[1]    ; 15.223 ; 14.520 ; 14.520 ; 15.223 ;
; SEL[1]     ; LED_0[2]    ; 15.233 ; 14.530 ; 14.530 ; 15.233 ;
; SEL[1]     ; LED_0[3]    ; 15.023 ; 14.320 ; 14.320 ; 15.023 ;
; SEL[1]     ; LED_0[4]    ; 15.023 ; 14.320 ; 14.320 ; 15.023 ;
; SEL[1]     ; LED_0[5]    ; 15.228 ; 14.525 ; 14.525 ; 15.228 ;
; SEL[1]     ; LED_0[6]    ; 15.228 ; 14.525 ; 14.525 ; 15.228 ;
; SEL[1]     ; LED_1[0]    ; 13.498 ; 13.498 ; 13.498 ; 13.498 ;
; SEL[1]     ; LED_1[1]    ; 13.525 ; 13.525 ; 13.525 ; 13.525 ;
; SEL[1]     ; LED_1[2]    ; 13.125 ; 13.125 ; 13.125 ; 13.125 ;
; SEL[1]     ; LED_1[3]    ; 13.075 ; 13.075 ; 13.075 ; 13.075 ;
; SEL[1]     ; LED_1[4]    ; 13.142 ; 13.142 ; 13.142 ; 13.142 ;
; SEL[1]     ; LED_1[5]    ; 13.360 ; 13.360 ; 13.360 ; 13.360 ;
; SEL[1]     ; LED_1[6]    ; 13.389 ; 13.389 ; 13.389 ; 13.389 ;
; SEL[1]     ; N           ;        ; 11.177 ; 11.177 ;        ;
; SEL[1]     ; V           ; 11.978 ; 11.275 ; 11.275 ; 11.978 ;
; SEL[1]     ; Z           ; 12.749 ; 12.160 ; 12.160 ; 12.749 ;
+------------+-------------+--------+--------+--------+--------+


+--------------------------------------------------------------+
; Minimum Propagation Delay                                    ;
+------------+-------------+--------+--------+--------+--------+
; Input Port ; Output Port ; RR     ; RF     ; FR     ; FF     ;
+------------+-------------+--------+--------+--------+--------+
; A[0]       ; LED_0[0]    ; 10.632 ; 10.632 ; 10.632 ; 10.632 ;
; A[0]       ; LED_0[1]    ; 10.601 ; 10.601 ; 10.601 ; 10.601 ;
; A[0]       ; LED_0[2]    ; 10.611 ; 10.611 ; 10.611 ; 10.611 ;
; A[0]       ; LED_0[3]    ; 10.401 ; 10.401 ; 10.401 ; 10.401 ;
; A[0]       ; LED_0[4]    ; 10.401 ; 10.401 ; 10.401 ; 10.401 ;
; A[0]       ; LED_0[5]    ; 10.606 ; 10.606 ; 10.606 ; 10.606 ;
; A[0]       ; LED_0[6]    ; 10.606 ; 10.606 ; 10.606 ; 10.606 ;
; A[0]       ; LED_1[0]    ; 7.820  ; 7.820  ; 7.820  ; 7.820  ;
; A[0]       ; LED_1[1]    ; 7.821  ; 7.821  ; 7.821  ; 7.821  ;
; A[0]       ; LED_1[2]    ; 7.394  ; 7.394  ; 7.394  ; 7.394  ;
; A[0]       ; LED_1[3]    ; 7.374  ; 7.374  ; 7.374  ; 7.374  ;
; A[0]       ; LED_1[4]    ; 7.438  ; 7.438  ; 7.438  ; 7.438  ;
; A[0]       ; LED_1[5]    ; 7.659  ; 7.659  ; 7.659  ; 7.659  ;
; A[0]       ; LED_1[6]    ; 7.686  ; 7.686  ; 7.686  ; 7.686  ;
; A[0]       ; N           ; 7.904  ; 7.904  ; 7.904  ; 7.904  ;
; A[0]       ; V           ; 7.441  ; 7.684  ; 7.684  ; 7.441  ;
; A[0]       ; Z           ; 7.812  ; 7.812  ; 7.812  ; 7.812  ;
; A[1]       ; LED_0[0]    ; 10.104 ; 10.104 ; 10.104 ; 10.104 ;
; A[1]       ; LED_0[1]    ; 10.073 ; 10.073 ; 10.073 ; 10.073 ;
; A[1]       ; LED_0[2]    ; 10.083 ; 10.083 ; 10.083 ; 10.083 ;
; A[1]       ; LED_0[3]    ; 9.873  ; 9.873  ; 9.873  ; 9.873  ;
; A[1]       ; LED_0[4]    ; 9.873  ; 9.873  ; 9.873  ; 9.873  ;
; A[1]       ; LED_0[5]    ; 10.078 ; 10.078 ; 10.078 ; 10.078 ;
; A[1]       ; LED_0[6]    ; 10.078 ; 10.078 ; 10.078 ; 10.078 ;
; A[1]       ; LED_1[0]    ; 7.371  ; 7.832  ; 7.832  ; 7.371  ;
; A[1]       ; LED_1[1]    ; 7.372  ; 7.834  ; 7.834  ; 7.372  ;
; A[1]       ; LED_1[2]    ; 6.945  ; 7.430  ; 7.430  ; 6.945  ;
; A[1]       ; LED_1[3]    ; 6.925  ; 6.925  ; 6.925  ; 6.925  ;
; A[1]       ; LED_1[4]    ; 7.451  ; 6.989  ; 6.989  ; 7.451  ;
; A[1]       ; LED_1[5]    ; 7.210  ; 7.210  ; 7.210  ; 7.210  ;
; A[1]       ; LED_1[6]    ; 7.237  ; 7.237  ; 7.237  ; 7.237  ;
; A[1]       ; N           ; 7.376  ; 7.376  ; 7.376  ; 7.376  ;
; A[1]       ; V           ; 7.156  ; 7.156  ; 7.156  ; 7.156  ;
; A[1]       ; Z           ; 7.805  ; 7.179  ; 7.179  ; 7.805  ;
; A[2]       ; LED_0[0]    ; 10.048 ; 10.048 ; 10.048 ; 10.048 ;
; A[2]       ; LED_0[1]    ; 10.017 ; 10.017 ; 10.017 ; 10.017 ;
; A[2]       ; LED_0[2]    ; 10.027 ; 10.027 ; 10.027 ; 10.027 ;
; A[2]       ; LED_0[3]    ; 9.817  ; 9.817  ; 9.817  ; 9.817  ;
; A[2]       ; LED_0[4]    ; 9.817  ; 9.817  ; 9.817  ; 9.817  ;
; A[2]       ; LED_0[5]    ; 10.022 ; 10.022 ; 10.022 ; 10.022 ;
; A[2]       ; LED_0[6]    ; 10.022 ; 10.022 ; 10.022 ; 10.022 ;
; A[2]       ; LED_1[0]    ; 8.005  ; 8.005  ; 8.005  ; 8.005  ;
; A[2]       ; LED_1[1]    ; 8.052  ; 8.052  ; 8.052  ; 8.052  ;
; A[2]       ; LED_1[2]    ; 7.667  ; 7.667  ; 7.667  ; 7.667  ;
; A[2]       ; LED_1[3]    ; 7.614  ; 7.614  ; 7.614  ; 7.614  ;
; A[2]       ; LED_1[4]    ; 7.669  ; 7.669  ; 7.669  ; 7.669  ;
; A[2]       ; LED_1[5]    ; 7.903  ; 7.903  ; 7.903  ; 7.903  ;
; A[2]       ; LED_1[6]    ; 7.918  ; 7.918  ; 7.918  ; 7.918  ;
; A[2]       ; N           ; 7.320  ; 7.320  ; 7.320  ; 7.320  ;
; A[2]       ; V           ; 7.100  ; 7.100  ; 7.100  ; 7.100  ;
; A[2]       ; Z           ; 7.665  ; 7.665  ; 7.665  ; 7.665  ;
; A[3]       ; LED_0[0]    ; 10.093 ; 10.093 ; 10.093 ; 10.093 ;
; A[3]       ; LED_0[1]    ; 10.062 ; 10.062 ; 10.062 ; 10.062 ;
; A[3]       ; LED_0[2]    ; 10.072 ; 10.072 ; 10.072 ; 10.072 ;
; A[3]       ; LED_0[3]    ; 9.862  ; 9.862  ; 9.862  ; 9.862  ;
; A[3]       ; LED_0[4]    ; 9.862  ; 9.862  ; 9.862  ; 9.862  ;
; A[3]       ; LED_0[5]    ; 10.067 ; 10.067 ; 10.067 ; 10.067 ;
; A[3]       ; LED_0[6]    ; 10.067 ; 10.067 ; 10.067 ; 10.067 ;
; A[3]       ; LED_1[0]    ; 8.240  ; 8.240  ; 8.240  ; 8.240  ;
; A[3]       ; LED_1[1]    ; 8.242  ; 8.242  ; 8.242  ; 8.242  ;
; A[3]       ; LED_1[2]    ; 7.838  ; 7.838  ; 7.838  ; 7.838  ;
; A[3]       ; LED_1[3]    ; 7.793  ; 7.793  ; 7.793  ; 7.793  ;
; A[3]       ; LED_1[4]    ; 7.859  ; 7.859  ; 7.859  ; 7.859  ;
; A[3]       ; LED_1[5]    ; 8.074  ; 8.074  ; 8.074  ; 8.074  ;
; A[3]       ; LED_1[6]    ; 8.107  ; 8.107  ; 8.107  ; 8.107  ;
; A[3]       ; N           ; 7.365  ; 7.365  ; 7.365  ; 7.365  ;
; A[3]       ; V           ; 7.535  ; 7.535  ; 7.535  ; 7.535  ;
; B[0]       ; LED_0[0]    ; 11.089 ; 11.089 ; 11.089 ; 11.089 ;
; B[0]       ; LED_0[1]    ; 11.058 ; 11.058 ; 11.058 ; 11.058 ;
; B[0]       ; LED_0[2]    ; 11.068 ; 11.068 ; 11.068 ; 11.068 ;
; B[0]       ; LED_0[3]    ; 10.858 ; 10.858 ; 10.858 ; 10.858 ;
; B[0]       ; LED_0[4]    ; 10.858 ; 10.858 ; 10.858 ; 10.858 ;
; B[0]       ; LED_0[5]    ; 11.063 ; 11.063 ; 11.063 ; 11.063 ;
; B[0]       ; LED_0[6]    ; 11.063 ; 11.063 ; 11.063 ; 11.063 ;
; B[0]       ; LED_1[0]    ; 8.303  ; 8.303  ; 8.303  ; 8.303  ;
; B[0]       ; LED_1[1]    ; 8.304  ; 8.304  ; 8.304  ; 8.304  ;
; B[0]       ; LED_1[2]    ; 7.877  ; 7.877  ; 7.877  ; 7.877  ;
; B[0]       ; LED_1[3]    ; 7.857  ; 7.857  ; 7.857  ; 7.857  ;
; B[0]       ; LED_1[4]    ; 7.921  ; 7.921  ; 7.921  ; 7.921  ;
; B[0]       ; LED_1[5]    ; 8.142  ; 8.142  ; 8.142  ; 8.142  ;
; B[0]       ; LED_1[6]    ; 8.169  ; 8.169  ; 8.169  ; 8.169  ;
; B[0]       ; N           ; 8.361  ; 8.361  ; 8.361  ; 8.361  ;
; B[0]       ; V           ; 7.964  ; 8.141  ; 8.141  ; 7.964  ;
; B[0]       ; Z           ; 8.295  ; 8.295  ; 8.295  ; 8.295  ;
; B[1]       ; LED_0[0]    ; 10.992 ; 10.992 ; 10.992 ; 10.992 ;
; B[1]       ; LED_0[1]    ; 10.961 ; 10.961 ; 10.961 ; 10.961 ;
; B[1]       ; LED_0[2]    ; 10.971 ; 10.971 ; 10.971 ; 10.971 ;
; B[1]       ; LED_0[3]    ; 10.761 ; 10.761 ; 10.761 ; 10.761 ;
; B[1]       ; LED_0[4]    ; 10.761 ; 10.761 ; 10.761 ; 10.761 ;
; B[1]       ; LED_0[5]    ; 10.966 ; 10.966 ; 10.966 ; 10.966 ;
; B[1]       ; LED_0[6]    ; 10.966 ; 10.966 ; 10.966 ; 10.966 ;
; B[1]       ; LED_1[0]    ; 7.559  ; 8.020  ; 8.020  ; 7.559  ;
; B[1]       ; LED_1[1]    ; 7.560  ; 8.022  ; 8.022  ; 7.560  ;
; B[1]       ; LED_1[2]    ; 7.133  ; 7.618  ; 7.618  ; 7.133  ;
; B[1]       ; LED_1[3]    ; 7.113  ; 7.113  ; 7.113  ; 7.113  ;
; B[1]       ; LED_1[4]    ; 7.639  ; 7.177  ; 7.177  ; 7.639  ;
; B[1]       ; LED_1[5]    ; 7.398  ; 7.398  ; 7.398  ; 7.398  ;
; B[1]       ; LED_1[6]    ; 7.425  ; 7.425  ; 7.425  ; 7.425  ;
; B[1]       ; N           ; 8.264  ; 8.264  ; 8.264  ; 8.264  ;
; B[1]       ; V           ; 8.044  ; 8.044  ; 8.044  ; 8.044  ;
; B[1]       ; Z           ; 8.688  ; 7.367  ; 7.367  ; 8.688  ;
; B[2]       ; LED_0[0]    ; 9.634  ; 9.634  ; 9.634  ; 9.634  ;
; B[2]       ; LED_0[1]    ; 9.603  ; 9.603  ; 9.603  ; 9.603  ;
; B[2]       ; LED_0[2]    ; 9.613  ; 9.613  ; 9.613  ; 9.613  ;
; B[2]       ; LED_0[3]    ; 9.403  ; 9.403  ; 9.403  ; 9.403  ;
; B[2]       ; LED_0[4]    ; 9.403  ; 9.403  ; 9.403  ; 9.403  ;
; B[2]       ; LED_0[5]    ; 9.608  ; 9.608  ; 9.608  ; 9.608  ;
; B[2]       ; LED_0[6]    ; 9.608  ; 9.608  ; 9.608  ; 9.608  ;
; B[2]       ; LED_1[0]    ; 7.591  ; 7.591  ; 7.591  ; 7.591  ;
; B[2]       ; LED_1[1]    ; 7.638  ; 7.638  ; 7.638  ; 7.638  ;
; B[2]       ; LED_1[2]    ; 7.253  ; 7.253  ; 7.253  ; 7.253  ;
; B[2]       ; LED_1[3]    ; 7.200  ; 7.200  ; 7.200  ; 7.200  ;
; B[2]       ; LED_1[4]    ; 7.255  ; 7.255  ; 7.255  ; 7.255  ;
; B[2]       ; LED_1[5]    ; 7.489  ; 7.489  ; 7.489  ; 7.489  ;
; B[2]       ; LED_1[6]    ; 7.504  ; 7.504  ; 7.504  ; 7.504  ;
; B[2]       ; N           ; 6.906  ; 6.906  ; 6.906  ; 6.906  ;
; B[2]       ; V           ; 6.686  ; 6.686  ; 6.686  ; 6.686  ;
; B[2]       ; Z           ; 7.835  ; 7.835  ; 7.835  ; 7.835  ;
; B[3]       ; LED_0[0]    ; 10.954 ; 10.954 ; 10.954 ; 10.954 ;
; B[3]       ; LED_0[1]    ; 10.923 ; 10.923 ; 10.923 ; 10.923 ;
; B[3]       ; LED_0[2]    ; 10.933 ; 10.933 ; 10.933 ; 10.933 ;
; B[3]       ; LED_0[3]    ; 10.723 ; 10.723 ; 10.723 ; 10.723 ;
; B[3]       ; LED_0[4]    ; 10.723 ; 10.723 ; 10.723 ; 10.723 ;
; B[3]       ; LED_0[5]    ; 10.928 ; 10.928 ; 10.928 ; 10.928 ;
; B[3]       ; LED_0[6]    ; 10.928 ; 10.928 ; 10.928 ; 10.928 ;
; B[3]       ; LED_1[0]    ; 8.710  ; 8.710  ; 8.710  ; 8.710  ;
; B[3]       ; LED_1[1]    ; 8.757  ; 8.757  ; 8.757  ; 8.757  ;
; B[3]       ; LED_1[2]    ; 8.372  ; 8.372  ; 8.372  ; 8.372  ;
; B[3]       ; LED_1[3]    ; 8.319  ; 8.319  ; 8.319  ; 8.319  ;
; B[3]       ; LED_1[4]    ; 8.374  ; 8.374  ; 8.374  ; 8.374  ;
; B[3]       ; LED_1[5]    ; 8.608  ; 8.608  ; 8.608  ; 8.608  ;
; B[3]       ; LED_1[6]    ; 8.623  ; 8.623  ; 8.623  ; 8.623  ;
; B[3]       ; N           ; 8.226  ; 8.226  ; 8.226  ; 8.226  ;
; B[3]       ; V           ; 7.805  ; 7.805  ; 7.805  ; 7.805  ;
; C_IN       ; LED_0[0]    ; 12.053 ; 12.409 ; 12.409 ; 12.053 ;
; C_IN       ; LED_0[1]    ; 12.378 ; 12.022 ; 12.022 ; 12.378 ;
; C_IN       ; LED_0[2]    ; 12.388 ; 12.032 ; 12.032 ; 12.388 ;
; C_IN       ; LED_0[3]    ; 12.178 ; 11.822 ; 11.822 ; 12.178 ;
; C_IN       ; LED_0[4]    ; 12.178 ; 11.822 ; 11.822 ; 12.178 ;
; C_IN       ; LED_0[5]    ; 12.383 ; 12.027 ; 12.027 ; 12.383 ;
; C_IN       ; LED_0[6]    ; 12.383 ; 12.027 ; 12.027 ; 12.383 ;
; C_IN       ; LED_1[0]    ; 8.655  ; 8.655  ; 8.655  ; 8.655  ;
; C_IN       ; LED_1[1]    ; 8.656  ; 8.656  ; 8.656  ; 8.656  ;
; C_IN       ; LED_1[2]    ; 8.229  ; 8.229  ; 8.229  ; 8.229  ;
; C_IN       ; LED_1[3]    ; 8.209  ; 8.209  ; 8.209  ; 8.209  ;
; C_IN       ; LED_1[4]    ; 8.273  ; 8.273  ; 8.273  ; 8.273  ;
; C_IN       ; LED_1[5]    ; 8.494  ; 8.494  ; 8.494  ; 8.494  ;
; C_IN       ; LED_1[6]    ; 8.521  ; 8.521  ; 8.521  ; 8.521  ;
; C_IN       ; V           ; 9.133  ; 8.777  ; 8.777  ; 9.133  ;
; C_IN       ; Z           ; 8.463  ; 8.463  ; 8.463  ; 8.463  ;
; SEL[0]     ; LED_0[0]    ; 13.836 ; 13.836 ; 13.836 ; 13.836 ;
; SEL[0]     ; LED_0[1]    ; 13.805 ; 13.805 ; 13.805 ; 13.805 ;
; SEL[0]     ; LED_0[2]    ; 13.815 ; 13.815 ; 13.815 ; 13.815 ;
; SEL[0]     ; LED_0[3]    ; 13.605 ; 13.605 ; 13.605 ; 13.605 ;
; SEL[0]     ; LED_0[4]    ; 13.605 ; 13.605 ; 13.605 ; 13.605 ;
; SEL[0]     ; LED_0[5]    ; 13.810 ; 13.810 ; 13.810 ; 13.810 ;
; SEL[0]     ; LED_0[6]    ; 13.810 ; 13.810 ; 13.810 ; 13.810 ;
; SEL[0]     ; LED_1[0]    ; 11.687 ; 11.983 ; 11.983 ; 11.687 ;
; SEL[0]     ; LED_1[1]    ; 11.688 ; 11.985 ; 11.985 ; 11.688 ;
; SEL[0]     ; LED_1[2]    ; 11.261 ; 11.581 ; 11.581 ; 11.261 ;
; SEL[0]     ; LED_1[3]    ; 11.241 ; 11.241 ; 11.241 ; 11.241 ;
; SEL[0]     ; LED_1[4]    ; 11.602 ; 11.305 ; 11.305 ; 11.602 ;
; SEL[0]     ; LED_1[5]    ; 11.526 ; 11.526 ; 11.526 ; 11.526 ;
; SEL[0]     ; LED_1[6]    ; 11.553 ; 11.553 ; 11.553 ; 11.553 ;
; SEL[0]     ; N           ; 11.108 ; 11.108 ; 11.108 ; 11.108 ;
; SEL[0]     ; V           ; 11.694 ; 11.694 ; 11.694 ; 11.694 ;
; SEL[0]     ; Z           ; 11.495 ; 11.495 ; 11.495 ; 11.495 ;
; SEL[1]     ; LED_0[0]    ; 13.905 ; 15.254 ; 15.254 ; 13.905 ;
; SEL[1]     ; LED_0[1]    ; 15.223 ; 13.874 ; 13.874 ; 15.223 ;
; SEL[1]     ; LED_0[2]    ; 15.233 ; 13.884 ; 13.884 ; 15.233 ;
; SEL[1]     ; LED_0[3]    ; 15.023 ; 13.674 ; 13.674 ; 15.023 ;
; SEL[1]     ; LED_0[4]    ; 15.023 ; 13.674 ; 13.674 ; 15.023 ;
; SEL[1]     ; LED_0[5]    ; 15.228 ; 13.879 ; 13.879 ; 15.228 ;
; SEL[1]     ; LED_0[6]    ; 15.228 ; 13.879 ; 13.879 ; 15.228 ;
; SEL[1]     ; LED_1[0]    ; 11.939 ; 12.052 ; 12.052 ; 11.939 ;
; SEL[1]     ; LED_1[1]    ; 11.940 ; 12.054 ; 12.054 ; 11.940 ;
; SEL[1]     ; LED_1[2]    ; 11.513 ; 11.650 ; 11.650 ; 11.513 ;
; SEL[1]     ; LED_1[3]    ; 11.493 ; 11.493 ; 11.493 ; 11.493 ;
; SEL[1]     ; LED_1[4]    ; 11.671 ; 11.557 ; 11.557 ; 11.671 ;
; SEL[1]     ; LED_1[5]    ; 11.778 ; 11.778 ; 11.778 ; 11.778 ;
; SEL[1]     ; LED_1[6]    ; 11.805 ; 11.805 ; 11.805 ; 11.805 ;
; SEL[1]     ; N           ;        ; 11.177 ; 11.177 ;        ;
; SEL[1]     ; V           ; 11.978 ; 11.275 ; 11.275 ; 11.978 ;
; SEL[1]     ; Z           ; 11.581 ; 11.747 ; 11.747 ; 11.581 ;
+------------+-------------+--------+--------+--------+--------+


----------------------------
; Fast Model Setup Summary ;
----------------------------
No paths to report.


---------------------------
; Fast Model Hold Summary ;
---------------------------
No paths to report.


-------------------------------
; Fast Model Recovery Summary ;
-------------------------------
No paths to report.


------------------------------
; Fast Model Removal Summary ;
------------------------------
No paths to report.


------------------------------------------
; Fast Model Minimum Pulse Width Summary ;
------------------------------------------
No paths to report.


+----------------------------------------------------------+
; Propagation Delay                                        ;
+------------+-------------+-------+-------+-------+-------+
; Input Port ; Output Port ; RR    ; RF    ; FR    ; FF    ;
+------------+-------------+-------+-------+-------+-------+
; A[0]       ; LED_0[0]    ; 5.651 ; 5.651 ; 5.651 ; 5.651 ;
; A[0]       ; LED_0[1]    ; 5.624 ; 5.624 ; 5.624 ; 5.624 ;
; A[0]       ; LED_0[2]    ; 5.634 ; 5.634 ; 5.634 ; 5.634 ;
; A[0]       ; LED_0[3]    ; 5.552 ; 5.552 ; 5.552 ; 5.552 ;
; A[0]       ; LED_0[4]    ; 5.552 ; 5.552 ; 5.552 ; 5.552 ;
; A[0]       ; LED_0[5]    ; 5.626 ; 5.626 ; 5.626 ; 5.626 ;
; A[0]       ; LED_0[6]    ; 5.626 ; 5.626 ; 5.626 ; 5.626 ;
; A[0]       ; LED_1[0]    ; 4.583 ; 4.583 ; 4.583 ; 4.583 ;
; A[0]       ; LED_1[1]    ; 4.582 ; 4.582 ; 4.582 ; 4.582 ;
; A[0]       ; LED_1[2]    ; 4.357 ; 4.357 ; 4.357 ; 4.357 ;
; A[0]       ; LED_1[3]    ; 4.329 ; 4.329 ; 4.329 ; 4.329 ;
; A[0]       ; LED_1[4]    ; 4.373 ; 4.373 ; 4.373 ; 4.373 ;
; A[0]       ; LED_1[5]    ; 4.465 ; 4.465 ; 4.465 ; 4.465 ;
; A[0]       ; LED_1[6]    ; 4.483 ; 4.483 ; 4.483 ; 4.483 ;
; A[0]       ; N           ; 4.006 ; 4.006 ; 4.006 ; 4.006 ;
; A[0]       ; V           ; 4.179 ; 4.179 ; 4.179 ; 4.179 ;
; A[0]       ; Z           ; 4.286 ; 4.286 ; 4.286 ; 4.286 ;
; A[1]       ; LED_0[0]    ; 5.419 ; 5.419 ; 5.419 ; 5.419 ;
; A[1]       ; LED_0[1]    ; 5.392 ; 5.392 ; 5.392 ; 5.392 ;
; A[1]       ; LED_0[2]    ; 5.402 ; 5.402 ; 5.402 ; 5.402 ;
; A[1]       ; LED_0[3]    ; 5.320 ; 5.320 ; 5.320 ; 5.320 ;
; A[1]       ; LED_0[4]    ; 5.320 ; 5.320 ; 5.320 ; 5.320 ;
; A[1]       ; LED_0[5]    ; 5.394 ; 5.394 ; 5.394 ; 5.394 ;
; A[1]       ; LED_0[6]    ; 5.394 ; 5.394 ; 5.394 ; 5.394 ;
; A[1]       ; LED_1[0]    ; 4.351 ; 4.351 ; 4.351 ; 4.351 ;
; A[1]       ; LED_1[1]    ; 4.350 ; 4.350 ; 4.350 ; 4.350 ;
; A[1]       ; LED_1[2]    ; 4.125 ; 4.125 ; 4.125 ; 4.125 ;
; A[1]       ; LED_1[3]    ; 4.097 ; 4.097 ; 4.097 ; 4.097 ;
; A[1]       ; LED_1[4]    ; 4.141 ; 4.141 ; 4.141 ; 4.141 ;
; A[1]       ; LED_1[5]    ; 4.233 ; 4.233 ; 4.233 ; 4.233 ;
; A[1]       ; LED_1[6]    ; 4.251 ; 4.251 ; 4.251 ; 4.251 ;
; A[1]       ; N           ; 3.774 ; 3.774 ; 3.774 ; 3.774 ;
; A[1]       ; V           ; 3.947 ; 3.947 ; 3.947 ; 3.947 ;
; A[1]       ; Z           ; 4.054 ; 4.054 ; 4.054 ; 4.054 ;
; A[2]       ; LED_0[0]    ; 5.412 ; 5.412 ; 5.412 ; 5.412 ;
; A[2]       ; LED_0[1]    ; 5.385 ; 5.385 ; 5.385 ; 5.385 ;
; A[2]       ; LED_0[2]    ; 5.395 ; 5.395 ; 5.395 ; 5.395 ;
; A[2]       ; LED_0[3]    ; 5.313 ; 5.313 ; 5.313 ; 5.313 ;
; A[2]       ; LED_0[4]    ; 5.313 ; 5.313 ; 5.313 ; 5.313 ;
; A[2]       ; LED_0[5]    ; 5.387 ; 5.387 ; 5.387 ; 5.387 ;
; A[2]       ; LED_0[6]    ; 5.387 ; 5.387 ; 5.387 ; 5.387 ;
; A[2]       ; LED_1[0]    ; 4.344 ; 4.344 ; 4.344 ; 4.344 ;
; A[2]       ; LED_1[1]    ; 4.342 ; 4.342 ; 4.342 ; 4.342 ;
; A[2]       ; LED_1[2]    ; 4.118 ; 4.118 ; 4.118 ; 4.118 ;
; A[2]       ; LED_1[3]    ; 4.090 ; 4.090 ; 4.090 ; 4.090 ;
; A[2]       ; LED_1[4]    ; 4.134 ; 4.134 ; 4.134 ; 4.134 ;
; A[2]       ; LED_1[5]    ; 4.226 ; 4.226 ; 4.226 ; 4.226 ;
; A[2]       ; LED_1[6]    ; 4.240 ; 4.240 ; 4.240 ; 4.240 ;
; A[2]       ; N           ; 3.767 ; 3.767 ; 3.767 ; 3.767 ;
; A[2]       ; V           ; 3.940 ; 3.940 ; 3.940 ; 3.940 ;
; A[2]       ; Z           ; 3.919 ; 3.941 ; 3.941 ; 3.919 ;
; A[3]       ; LED_0[0]    ; 5.295 ; 5.384 ; 5.384 ; 5.295 ;
; A[3]       ; LED_0[1]    ; 5.357 ; 5.268 ; 5.268 ; 5.357 ;
; A[3]       ; LED_0[2]    ; 5.367 ; 5.278 ; 5.278 ; 5.367 ;
; A[3]       ; LED_0[3]    ; 5.285 ; 5.196 ; 5.196 ; 5.285 ;
; A[3]       ; LED_0[4]    ; 5.285 ; 5.196 ; 5.196 ; 5.285 ;
; A[3]       ; LED_0[5]    ; 5.359 ; 5.270 ; 5.270 ; 5.359 ;
; A[3]       ; LED_0[6]    ; 5.359 ; 5.270 ; 5.270 ; 5.359 ;
; A[3]       ; LED_1[0]    ; 4.235 ; 4.316 ; 4.316 ; 4.235 ;
; A[3]       ; LED_1[1]    ; 4.314 ; 4.229 ; 4.229 ; 4.314 ;
; A[3]       ; LED_1[2]    ; 4.090 ; 4.001 ; 4.001 ; 4.090 ;
; A[3]       ; LED_1[3]    ; 4.062 ; 3.973 ; 3.973 ; 4.062 ;
; A[3]       ; LED_1[4]    ; 4.106 ; 4.020 ; 4.020 ; 4.106 ;
; A[3]       ; LED_1[5]    ; 4.198 ; 4.109 ; 4.109 ; 4.198 ;
; A[3]       ; LED_1[6]    ; 4.212 ; 4.130 ; 4.130 ; 4.212 ;
; A[3]       ; N           ; 3.753 ; 3.753 ; 3.753 ; 3.753 ;
; A[3]       ; V           ; 3.912 ; 3.823 ; 3.823 ; 3.912 ;
; B[0]       ; LED_0[0]    ; 5.901 ; 5.901 ; 5.901 ; 5.901 ;
; B[0]       ; LED_0[1]    ; 5.874 ; 5.874 ; 5.874 ; 5.874 ;
; B[0]       ; LED_0[2]    ; 5.884 ; 5.884 ; 5.884 ; 5.884 ;
; B[0]       ; LED_0[3]    ; 5.802 ; 5.802 ; 5.802 ; 5.802 ;
; B[0]       ; LED_0[4]    ; 5.802 ; 5.802 ; 5.802 ; 5.802 ;
; B[0]       ; LED_0[5]    ; 5.876 ; 5.876 ; 5.876 ; 5.876 ;
; B[0]       ; LED_0[6]    ; 5.876 ; 5.876 ; 5.876 ; 5.876 ;
; B[0]       ; LED_1[0]    ; 4.833 ; 4.833 ; 4.833 ; 4.833 ;
; B[0]       ; LED_1[1]    ; 4.832 ; 4.832 ; 4.832 ; 4.832 ;
; B[0]       ; LED_1[2]    ; 4.607 ; 4.607 ; 4.607 ; 4.607 ;
; B[0]       ; LED_1[3]    ; 4.579 ; 4.579 ; 4.579 ; 4.579 ;
; B[0]       ; LED_1[4]    ; 4.623 ; 4.623 ; 4.623 ; 4.623 ;
; B[0]       ; LED_1[5]    ; 4.715 ; 4.715 ; 4.715 ; 4.715 ;
; B[0]       ; LED_1[6]    ; 4.733 ; 4.733 ; 4.733 ; 4.733 ;
; B[0]       ; N           ; 4.256 ; 4.256 ; 4.256 ; 4.256 ;
; B[0]       ; V           ; 4.429 ; 4.429 ; 4.429 ; 4.429 ;
; B[0]       ; Z           ; 4.536 ; 4.536 ; 4.536 ; 4.536 ;
; B[1]       ; LED_0[0]    ; 5.799 ; 5.799 ; 5.799 ; 5.799 ;
; B[1]       ; LED_0[1]    ; 5.772 ; 5.772 ; 5.772 ; 5.772 ;
; B[1]       ; LED_0[2]    ; 5.782 ; 5.782 ; 5.782 ; 5.782 ;
; B[1]       ; LED_0[3]    ; 5.700 ; 5.700 ; 5.700 ; 5.700 ;
; B[1]       ; LED_0[4]    ; 5.700 ; 5.700 ; 5.700 ; 5.700 ;
; B[1]       ; LED_0[5]    ; 5.774 ; 5.774 ; 5.774 ; 5.774 ;
; B[1]       ; LED_0[6]    ; 5.774 ; 5.774 ; 5.774 ; 5.774 ;
; B[1]       ; LED_1[0]    ; 4.731 ; 4.731 ; 4.731 ; 4.731 ;
; B[1]       ; LED_1[1]    ; 4.730 ; 4.730 ; 4.730 ; 4.730 ;
; B[1]       ; LED_1[2]    ; 4.505 ; 4.505 ; 4.505 ; 4.505 ;
; B[1]       ; LED_1[3]    ; 4.477 ; 4.477 ; 4.477 ; 4.477 ;
; B[1]       ; LED_1[4]    ; 4.521 ; 4.521 ; 4.521 ; 4.521 ;
; B[1]       ; LED_1[5]    ; 4.613 ; 4.613 ; 4.613 ; 4.613 ;
; B[1]       ; LED_1[6]    ; 4.631 ; 4.631 ; 4.631 ; 4.631 ;
; B[1]       ; N           ; 4.154 ; 4.154 ; 4.154 ; 4.154 ;
; B[1]       ; V           ; 4.327 ; 4.327 ; 4.327 ; 4.327 ;
; B[1]       ; Z           ; 4.434 ; 4.434 ; 4.434 ; 4.434 ;
; B[2]       ; LED_0[0]    ; 5.216 ; 5.216 ; 5.216 ; 5.216 ;
; B[2]       ; LED_0[1]    ; 5.189 ; 5.189 ; 5.189 ; 5.189 ;
; B[2]       ; LED_0[2]    ; 5.199 ; 5.199 ; 5.199 ; 5.199 ;
; B[2]       ; LED_0[3]    ; 5.117 ; 5.117 ; 5.117 ; 5.117 ;
; B[2]       ; LED_0[4]    ; 5.117 ; 5.117 ; 5.117 ; 5.117 ;
; B[2]       ; LED_0[5]    ; 5.191 ; 5.191 ; 5.191 ; 5.191 ;
; B[2]       ; LED_0[6]    ; 5.191 ; 5.191 ; 5.191 ; 5.191 ;
; B[2]       ; LED_1[0]    ; 4.296 ; 4.296 ; 4.296 ; 4.296 ;
; B[2]       ; LED_1[1]    ; 4.290 ; 4.290 ; 4.290 ; 4.290 ;
; B[2]       ; LED_1[2]    ; 4.058 ; 4.058 ; 4.058 ; 4.058 ;
; B[2]       ; LED_1[3]    ; 4.032 ; 4.032 ; 4.032 ; 4.032 ;
; B[2]       ; LED_1[4]    ; 4.081 ; 4.081 ; 4.081 ; 4.081 ;
; B[2]       ; LED_1[5]    ; 4.165 ; 4.165 ; 4.165 ; 4.165 ;
; B[2]       ; LED_1[6]    ; 4.191 ; 4.191 ; 4.191 ; 4.191 ;
; B[2]       ; N           ; 3.571 ; 3.571 ; 3.571 ; 3.571 ;
; B[2]       ; V           ; 3.744 ; 3.744 ; 3.744 ; 3.744 ;
; B[2]       ; Z           ; 3.973 ; 3.993 ; 3.993 ; 3.973 ;
; B[3]       ; LED_0[0]    ; 5.558 ; 5.944 ; 5.944 ; 5.558 ;
; B[3]       ; LED_0[1]    ; 5.917 ; 5.531 ; 5.531 ; 5.917 ;
; B[3]       ; LED_0[2]    ; 5.927 ; 5.541 ; 5.541 ; 5.927 ;
; B[3]       ; LED_0[3]    ; 5.845 ; 5.459 ; 5.459 ; 5.845 ;
; B[3]       ; LED_0[4]    ; 5.845 ; 5.459 ; 5.459 ; 5.845 ;
; B[3]       ; LED_0[5]    ; 5.919 ; 5.533 ; 5.533 ; 5.919 ;
; B[3]       ; LED_0[6]    ; 5.919 ; 5.533 ; 5.533 ; 5.919 ;
; B[3]       ; LED_1[0]    ; 4.764 ; 4.876 ; 4.876 ; 4.764 ;
; B[3]       ; LED_1[1]    ; 4.874 ; 4.758 ; 4.758 ; 4.874 ;
; B[3]       ; LED_1[2]    ; 4.650 ; 4.526 ; 4.526 ; 4.650 ;
; B[3]       ; LED_1[3]    ; 4.622 ; 4.500 ; 4.500 ; 4.622 ;
; B[3]       ; LED_1[4]    ; 4.666 ; 4.549 ; 4.549 ; 4.666 ;
; B[3]       ; LED_1[5]    ; 4.758 ; 4.633 ; 4.633 ; 4.758 ;
; B[3]       ; LED_1[6]    ; 4.772 ; 4.659 ; 4.659 ; 4.772 ;
; B[3]       ; N           ; 4.282 ; 4.282 ; 4.282 ; 4.282 ;
; B[3]       ; V           ; 4.472 ; 4.086 ; 4.086 ; 4.472 ;
; C_IN       ; LED_0[0]    ; 6.002 ; 6.143 ; 6.143 ; 6.002 ;
; C_IN       ; LED_0[1]    ; 6.116 ; 5.975 ; 5.975 ; 6.116 ;
; C_IN       ; LED_0[2]    ; 6.126 ; 5.985 ; 5.985 ; 6.126 ;
; C_IN       ; LED_0[3]    ; 6.044 ; 5.903 ; 5.903 ; 6.044 ;
; C_IN       ; LED_0[4]    ; 6.044 ; 5.903 ; 5.903 ; 6.044 ;
; C_IN       ; LED_0[5]    ; 6.118 ; 5.977 ; 5.977 ; 6.118 ;
; C_IN       ; LED_0[6]    ; 6.118 ; 5.977 ; 5.977 ; 6.118 ;
; C_IN       ; LED_1[0]    ; 5.082 ; 5.082 ; 5.082 ; 5.082 ;
; C_IN       ; LED_1[1]    ; 5.076 ; 5.076 ; 5.076 ; 5.076 ;
; C_IN       ; LED_1[2]    ; 4.849 ; 4.844 ; 4.844 ; 4.849 ;
; C_IN       ; LED_1[3]    ; 4.821 ; 4.818 ; 4.818 ; 4.821 ;
; C_IN       ; LED_1[4]    ; 4.867 ; 4.867 ; 4.867 ; 4.867 ;
; C_IN       ; LED_1[5]    ; 4.957 ; 4.951 ; 4.951 ; 4.957 ;
; C_IN       ; LED_1[6]    ; 4.977 ; 4.977 ; 4.977 ; 4.977 ;
; C_IN       ; V           ; 4.671 ; 4.530 ; 4.530 ; 4.671 ;
; C_IN       ; Z           ; 4.657 ; 4.779 ; 4.779 ; 4.657 ;
; SEL[0]     ; LED_0[0]    ; 8.751 ; 8.751 ; 8.751 ; 8.751 ;
; SEL[0]     ; LED_0[1]    ; 8.724 ; 8.724 ; 8.724 ; 8.724 ;
; SEL[0]     ; LED_0[2]    ; 8.734 ; 8.734 ; 8.734 ; 8.734 ;
; SEL[0]     ; LED_0[3]    ; 8.652 ; 8.652 ; 8.652 ; 8.652 ;
; SEL[0]     ; LED_0[4]    ; 8.652 ; 8.652 ; 8.652 ; 8.652 ;
; SEL[0]     ; LED_0[5]    ; 8.726 ; 8.726 ; 8.726 ; 8.726 ;
; SEL[0]     ; LED_0[6]    ; 8.726 ; 8.726 ; 8.726 ; 8.726 ;
; SEL[0]     ; LED_1[0]    ; 7.683 ; 7.683 ; 7.683 ; 7.683 ;
; SEL[0]     ; LED_1[1]    ; 7.682 ; 7.682 ; 7.682 ; 7.682 ;
; SEL[0]     ; LED_1[2]    ; 7.457 ; 7.457 ; 7.457 ; 7.457 ;
; SEL[0]     ; LED_1[3]    ; 7.429 ; 7.429 ; 7.429 ; 7.429 ;
; SEL[0]     ; LED_1[4]    ; 7.473 ; 7.473 ; 7.473 ; 7.473 ;
; SEL[0]     ; LED_1[5]    ; 7.565 ; 7.565 ; 7.565 ; 7.565 ;
; SEL[0]     ; LED_1[6]    ; 7.583 ; 7.583 ; 7.583 ; 7.583 ;
; SEL[0]     ; N           ; 7.106 ; 7.106 ; 7.106 ; 7.106 ;
; SEL[0]     ; V           ; 7.279 ; 7.279 ; 7.279 ; 7.279 ;
; SEL[0]     ; Z           ; 7.386 ; 7.386 ; 7.386 ; 7.386 ;
; SEL[1]     ; LED_0[0]    ; 7.740 ; 8.061 ; 8.061 ; 7.740 ;
; SEL[1]     ; LED_0[1]    ; 8.034 ; 7.713 ; 7.713 ; 8.034 ;
; SEL[1]     ; LED_0[2]    ; 8.044 ; 7.723 ; 7.723 ; 8.044 ;
; SEL[1]     ; LED_0[3]    ; 7.962 ; 7.641 ; 7.641 ; 7.962 ;
; SEL[1]     ; LED_0[4]    ; 7.962 ; 7.641 ; 7.641 ; 7.962 ;
; SEL[1]     ; LED_0[5]    ; 8.036 ; 7.715 ; 7.715 ; 8.036 ;
; SEL[1]     ; LED_0[6]    ; 8.036 ; 7.715 ; 7.715 ; 8.036 ;
; SEL[1]     ; LED_1[0]    ; 7.225 ; 7.225 ; 7.225 ; 7.225 ;
; SEL[1]     ; LED_1[1]    ; 7.219 ; 7.219 ; 7.219 ; 7.219 ;
; SEL[1]     ; LED_1[2]    ; 6.987 ; 6.987 ; 6.987 ; 6.987 ;
; SEL[1]     ; LED_1[3]    ; 6.961 ; 6.961 ; 6.961 ; 6.961 ;
; SEL[1]     ; LED_1[4]    ; 7.010 ; 7.010 ; 7.010 ; 7.010 ;
; SEL[1]     ; LED_1[5]    ; 7.094 ; 7.094 ; 7.094 ; 7.094 ;
; SEL[1]     ; LED_1[6]    ; 7.120 ; 7.120 ; 7.120 ; 7.120 ;
; SEL[1]     ; N           ;       ; 6.261 ; 6.261 ;       ;
; SEL[1]     ; V           ; 6.589 ; 6.268 ; 6.268 ; 6.589 ;
; SEL[1]     ; Z           ; 6.921 ; 6.689 ; 6.689 ; 6.921 ;
+------------+-------------+-------+-------+-------+-------+


+----------------------------------------------------------+
; Minimum Propagation Delay                                ;
+------------+-------------+-------+-------+-------+-------+
; Input Port ; Output Port ; RR    ; RF    ; FR    ; FF    ;
+------------+-------------+-------+-------+-------+-------+
; A[0]       ; LED_0[0]    ; 5.218 ; 5.218 ; 5.218 ; 5.218 ;
; A[0]       ; LED_0[1]    ; 5.191 ; 5.191 ; 5.191 ; 5.191 ;
; A[0]       ; LED_0[2]    ; 5.201 ; 5.201 ; 5.201 ; 5.201 ;
; A[0]       ; LED_0[3]    ; 5.119 ; 5.119 ; 5.119 ; 5.119 ;
; A[0]       ; LED_0[4]    ; 5.119 ; 5.119 ; 5.119 ; 5.119 ;
; A[0]       ; LED_0[5]    ; 5.193 ; 5.193 ; 5.193 ; 5.193 ;
; A[0]       ; LED_0[6]    ; 5.193 ; 5.193 ; 5.193 ; 5.193 ;
; A[0]       ; LED_1[0]    ; 3.958 ; 3.958 ; 3.958 ; 3.958 ;
; A[0]       ; LED_1[1]    ; 3.956 ; 3.956 ; 3.956 ; 3.956 ;
; A[0]       ; LED_1[2]    ; 3.725 ; 3.725 ; 3.725 ; 3.725 ;
; A[0]       ; LED_1[3]    ; 3.699 ; 3.699 ; 3.699 ; 3.699 ;
; A[0]       ; LED_1[4]    ; 3.746 ; 3.746 ; 3.746 ; 3.746 ;
; A[0]       ; LED_1[5]    ; 3.832 ; 3.832 ; 3.832 ; 3.832 ;
; A[0]       ; LED_1[6]    ; 3.857 ; 3.857 ; 3.857 ; 3.857 ;
; A[0]       ; N           ; 4.006 ; 4.006 ; 4.006 ; 4.006 ;
; A[0]       ; V           ; 3.794 ; 3.892 ; 3.892 ; 3.794 ;
; A[0]       ; Z           ; 3.986 ; 3.986 ; 3.986 ; 3.986 ;
; A[1]       ; LED_0[0]    ; 4.986 ; 4.986 ; 4.986 ; 4.986 ;
; A[1]       ; LED_0[1]    ; 4.959 ; 4.959 ; 4.959 ; 4.959 ;
; A[1]       ; LED_0[2]    ; 4.969 ; 4.969 ; 4.969 ; 4.969 ;
; A[1]       ; LED_0[3]    ; 4.887 ; 4.887 ; 4.887 ; 4.887 ;
; A[1]       ; LED_0[4]    ; 4.887 ; 4.887 ; 4.887 ; 4.887 ;
; A[1]       ; LED_0[5]    ; 4.961 ; 4.961 ; 4.961 ; 4.961 ;
; A[1]       ; LED_0[6]    ; 4.961 ; 4.961 ; 4.961 ; 4.961 ;
; A[1]       ; LED_1[0]    ; 3.767 ; 3.967 ; 3.967 ; 3.767 ;
; A[1]       ; LED_1[1]    ; 3.765 ; 3.968 ; 3.968 ; 3.765 ;
; A[1]       ; LED_1[2]    ; 3.534 ; 3.732 ; 3.732 ; 3.534 ;
; A[1]       ; LED_1[3]    ; 3.508 ; 3.508 ; 3.508 ; 3.508 ;
; A[1]       ; LED_1[4]    ; 3.758 ; 3.555 ; 3.555 ; 3.758 ;
; A[1]       ; LED_1[5]    ; 3.641 ; 3.641 ; 3.641 ; 3.641 ;
; A[1]       ; LED_1[6]    ; 3.666 ; 3.666 ; 3.666 ; 3.666 ;
; A[1]       ; N           ; 3.774 ; 3.774 ; 3.774 ; 3.774 ;
; A[1]       ; V           ; 3.660 ; 3.660 ; 3.660 ; 3.660 ;
; A[1]       ; Z           ; 3.982 ; 3.709 ; 3.709 ; 3.982 ;
; A[2]       ; LED_0[0]    ; 4.979 ; 4.979 ; 4.979 ; 4.979 ;
; A[2]       ; LED_0[1]    ; 4.952 ; 4.952 ; 4.952 ; 4.952 ;
; A[2]       ; LED_0[2]    ; 4.962 ; 4.962 ; 4.962 ; 4.962 ;
; A[2]       ; LED_0[3]    ; 4.880 ; 4.880 ; 4.880 ; 4.880 ;
; A[2]       ; LED_0[4]    ; 4.880 ; 4.880 ; 4.880 ; 4.880 ;
; A[2]       ; LED_0[5]    ; 4.954 ; 4.954 ; 4.954 ; 4.954 ;
; A[2]       ; LED_0[6]    ; 4.954 ; 4.954 ; 4.954 ; 4.954 ;
; A[2]       ; LED_1[0]    ; 4.057 ; 4.057 ; 4.057 ; 4.057 ;
; A[2]       ; LED_1[1]    ; 4.055 ; 4.055 ; 4.055 ; 4.055 ;
; A[2]       ; LED_1[2]    ; 3.831 ; 3.831 ; 3.831 ; 3.831 ;
; A[2]       ; LED_1[3]    ; 3.803 ; 3.803 ; 3.803 ; 3.803 ;
; A[2]       ; LED_1[4]    ; 3.847 ; 3.847 ; 3.847 ; 3.847 ;
; A[2]       ; LED_1[5]    ; 3.939 ; 3.939 ; 3.939 ; 3.939 ;
; A[2]       ; LED_1[6]    ; 3.953 ; 3.953 ; 3.953 ; 3.953 ;
; A[2]       ; N           ; 3.767 ; 3.767 ; 3.767 ; 3.767 ;
; A[2]       ; V           ; 3.653 ; 3.653 ; 3.653 ; 3.653 ;
; A[2]       ; Z           ; 3.919 ; 3.919 ; 3.919 ; 3.919 ;
; A[3]       ; LED_0[0]    ; 4.965 ; 4.965 ; 4.965 ; 4.965 ;
; A[3]       ; LED_0[1]    ; 4.938 ; 4.938 ; 4.938 ; 4.938 ;
; A[3]       ; LED_0[2]    ; 4.948 ; 4.948 ; 4.948 ; 4.948 ;
; A[3]       ; LED_0[3]    ; 4.866 ; 4.866 ; 4.866 ; 4.866 ;
; A[3]       ; LED_0[4]    ; 4.866 ; 4.866 ; 4.866 ; 4.866 ;
; A[3]       ; LED_0[5]    ; 4.940 ; 4.940 ; 4.940 ; 4.940 ;
; A[3]       ; LED_0[6]    ; 4.940 ; 4.940 ; 4.940 ; 4.940 ;
; A[3]       ; LED_1[0]    ; 4.103 ; 4.103 ; 4.103 ; 4.103 ;
; A[3]       ; LED_1[1]    ; 4.104 ; 4.104 ; 4.104 ; 4.104 ;
; A[3]       ; LED_1[2]    ; 3.868 ; 3.868 ; 3.868 ; 3.868 ;
; A[3]       ; LED_1[3]    ; 3.846 ; 3.846 ; 3.846 ; 3.846 ;
; A[3]       ; LED_1[4]    ; 3.894 ; 3.894 ; 3.894 ; 3.894 ;
; A[3]       ; LED_1[5]    ; 3.975 ; 3.975 ; 3.975 ; 3.975 ;
; A[3]       ; LED_1[6]    ; 4.005 ; 4.005 ; 4.005 ; 4.005 ;
; A[3]       ; N           ; 3.753 ; 3.753 ; 3.753 ; 3.753 ;
; A[3]       ; V           ; 3.823 ; 3.823 ; 3.823 ; 3.823 ;
; B[0]       ; LED_0[0]    ; 5.453 ; 5.453 ; 5.453 ; 5.453 ;
; B[0]       ; LED_0[1]    ; 5.426 ; 5.426 ; 5.426 ; 5.426 ;
; B[0]       ; LED_0[2]    ; 5.436 ; 5.436 ; 5.436 ; 5.436 ;
; B[0]       ; LED_0[3]    ; 5.354 ; 5.354 ; 5.354 ; 5.354 ;
; B[0]       ; LED_0[4]    ; 5.354 ; 5.354 ; 5.354 ; 5.354 ;
; B[0]       ; LED_0[5]    ; 5.428 ; 5.428 ; 5.428 ; 5.428 ;
; B[0]       ; LED_0[6]    ; 5.428 ; 5.428 ; 5.428 ; 5.428 ;
; B[0]       ; LED_1[0]    ; 4.193 ; 4.193 ; 4.193 ; 4.193 ;
; B[0]       ; LED_1[1]    ; 4.191 ; 4.191 ; 4.191 ; 4.191 ;
; B[0]       ; LED_1[2]    ; 3.960 ; 3.960 ; 3.960 ; 3.960 ;
; B[0]       ; LED_1[3]    ; 3.934 ; 3.934 ; 3.934 ; 3.934 ;
; B[0]       ; LED_1[4]    ; 3.981 ; 3.981 ; 3.981 ; 3.981 ;
; B[0]       ; LED_1[5]    ; 4.067 ; 4.067 ; 4.067 ; 4.067 ;
; B[0]       ; LED_1[6]    ; 4.092 ; 4.092 ; 4.092 ; 4.092 ;
; B[0]       ; N           ; 4.241 ; 4.241 ; 4.241 ; 4.241 ;
; B[0]       ; V           ; 4.042 ; 4.127 ; 4.127 ; 4.042 ;
; B[0]       ; Z           ; 4.221 ; 4.221 ; 4.221 ; 4.221 ;
; B[1]       ; LED_0[0]    ; 5.366 ; 5.366 ; 5.366 ; 5.366 ;
; B[1]       ; LED_0[1]    ; 5.339 ; 5.339 ; 5.339 ; 5.339 ;
; B[1]       ; LED_0[2]    ; 5.349 ; 5.349 ; 5.349 ; 5.349 ;
; B[1]       ; LED_0[3]    ; 5.267 ; 5.267 ; 5.267 ; 5.267 ;
; B[1]       ; LED_0[4]    ; 5.267 ; 5.267 ; 5.267 ; 5.267 ;
; B[1]       ; LED_0[5]    ; 5.341 ; 5.341 ; 5.341 ; 5.341 ;
; B[1]       ; LED_0[6]    ; 5.341 ; 5.341 ; 5.341 ; 5.341 ;
; B[1]       ; LED_1[0]    ; 3.834 ; 4.034 ; 4.034 ; 3.834 ;
; B[1]       ; LED_1[1]    ; 3.832 ; 4.035 ; 4.035 ; 3.832 ;
; B[1]       ; LED_1[2]    ; 3.601 ; 3.799 ; 3.799 ; 3.601 ;
; B[1]       ; LED_1[3]    ; 3.575 ; 3.575 ; 3.575 ; 3.575 ;
; B[1]       ; LED_1[4]    ; 3.825 ; 3.622 ; 3.622 ; 3.825 ;
; B[1]       ; LED_1[5]    ; 3.708 ; 3.708 ; 3.708 ; 3.708 ;
; B[1]       ; LED_1[6]    ; 3.733 ; 3.733 ; 3.733 ; 3.733 ;
; B[1]       ; N           ; 4.154 ; 4.154 ; 4.154 ; 4.154 ;
; B[1]       ; V           ; 4.040 ; 4.040 ; 4.040 ; 4.040 ;
; B[1]       ; Z           ; 4.362 ; 3.776 ; 3.776 ; 4.362 ;
; B[2]       ; LED_0[0]    ; 4.783 ; 4.783 ; 4.783 ; 4.783 ;
; B[2]       ; LED_0[1]    ; 4.756 ; 4.756 ; 4.756 ; 4.756 ;
; B[2]       ; LED_0[2]    ; 4.766 ; 4.766 ; 4.766 ; 4.766 ;
; B[2]       ; LED_0[3]    ; 4.684 ; 4.684 ; 4.684 ; 4.684 ;
; B[2]       ; LED_0[4]    ; 4.684 ; 4.684 ; 4.684 ; 4.684 ;
; B[2]       ; LED_0[5]    ; 4.758 ; 4.758 ; 4.758 ; 4.758 ;
; B[2]       ; LED_0[6]    ; 4.758 ; 4.758 ; 4.758 ; 4.758 ;
; B[2]       ; LED_1[0]    ; 3.861 ; 3.861 ; 3.861 ; 3.861 ;
; B[2]       ; LED_1[1]    ; 3.859 ; 3.859 ; 3.859 ; 3.859 ;
; B[2]       ; LED_1[2]    ; 3.635 ; 3.635 ; 3.635 ; 3.635 ;
; B[2]       ; LED_1[3]    ; 3.607 ; 3.607 ; 3.607 ; 3.607 ;
; B[2]       ; LED_1[4]    ; 3.651 ; 3.651 ; 3.651 ; 3.651 ;
; B[2]       ; LED_1[5]    ; 3.743 ; 3.743 ; 3.743 ; 3.743 ;
; B[2]       ; LED_1[6]    ; 3.757 ; 3.757 ; 3.757 ; 3.757 ;
; B[2]       ; N           ; 3.571 ; 3.571 ; 3.571 ; 3.571 ;
; B[2]       ; V           ; 3.457 ; 3.457 ; 3.457 ; 3.457 ;
; B[2]       ; Z           ; 3.973 ; 3.973 ; 3.973 ; 3.973 ;
; B[3]       ; LED_0[0]    ; 5.494 ; 5.494 ; 5.494 ; 5.494 ;
; B[3]       ; LED_0[1]    ; 5.467 ; 5.467 ; 5.467 ; 5.467 ;
; B[3]       ; LED_0[2]    ; 5.477 ; 5.477 ; 5.477 ; 5.477 ;
; B[3]       ; LED_0[3]    ; 5.395 ; 5.395 ; 5.395 ; 5.395 ;
; B[3]       ; LED_0[4]    ; 5.395 ; 5.395 ; 5.395 ; 5.395 ;
; B[3]       ; LED_0[5]    ; 5.469 ; 5.469 ; 5.469 ; 5.469 ;
; B[3]       ; LED_0[6]    ; 5.469 ; 5.469 ; 5.469 ; 5.469 ;
; B[3]       ; LED_1[0]    ; 4.490 ; 4.490 ; 4.490 ; 4.490 ;
; B[3]       ; LED_1[1]    ; 4.488 ; 4.488 ; 4.488 ; 4.488 ;
; B[3]       ; LED_1[2]    ; 4.264 ; 4.264 ; 4.264 ; 4.264 ;
; B[3]       ; LED_1[3]    ; 4.236 ; 4.236 ; 4.236 ; 4.236 ;
; B[3]       ; LED_1[4]    ; 4.280 ; 4.280 ; 4.280 ; 4.280 ;
; B[3]       ; LED_1[5]    ; 4.372 ; 4.372 ; 4.372 ; 4.372 ;
; B[3]       ; LED_1[6]    ; 4.386 ; 4.386 ; 4.386 ; 4.386 ;
; B[3]       ; N           ; 4.282 ; 4.282 ; 4.282 ; 4.282 ;
; B[3]       ; V           ; 4.086 ; 4.086 ; 4.086 ; 4.086 ;
; C_IN       ; LED_0[0]    ; 6.002 ; 6.143 ; 6.143 ; 6.002 ;
; C_IN       ; LED_0[1]    ; 6.116 ; 5.975 ; 5.975 ; 6.116 ;
; C_IN       ; LED_0[2]    ; 6.126 ; 5.985 ; 5.985 ; 6.126 ;
; C_IN       ; LED_0[3]    ; 6.044 ; 5.903 ; 5.903 ; 6.044 ;
; C_IN       ; LED_0[4]    ; 6.044 ; 5.903 ; 5.903 ; 6.044 ;
; C_IN       ; LED_0[5]    ; 6.118 ; 5.977 ; 5.977 ; 6.118 ;
; C_IN       ; LED_0[6]    ; 6.118 ; 5.977 ; 5.977 ; 6.118 ;
; C_IN       ; LED_1[0]    ; 4.478 ; 4.478 ; 4.478 ; 4.478 ;
; C_IN       ; LED_1[1]    ; 4.476 ; 4.476 ; 4.476 ; 4.476 ;
; C_IN       ; LED_1[2]    ; 4.245 ; 4.245 ; 4.245 ; 4.245 ;
; C_IN       ; LED_1[3]    ; 4.219 ; 4.219 ; 4.219 ; 4.219 ;
; C_IN       ; LED_1[4]    ; 4.266 ; 4.266 ; 4.266 ; 4.266 ;
; C_IN       ; LED_1[5]    ; 4.352 ; 4.352 ; 4.352 ; 4.352 ;
; C_IN       ; LED_1[6]    ; 4.377 ; 4.377 ; 4.377 ; 4.377 ;
; C_IN       ; V           ; 4.671 ; 4.530 ; 4.530 ; 4.671 ;
; C_IN       ; Z           ; 4.420 ; 4.420 ; 4.420 ; 4.420 ;
; SEL[0]     ; LED_0[0]    ; 7.429 ; 7.429 ; 7.429 ; 7.429 ;
; SEL[0]     ; LED_0[1]    ; 7.402 ; 7.402 ; 7.402 ; 7.402 ;
; SEL[0]     ; LED_0[2]    ; 7.412 ; 7.412 ; 7.412 ; 7.412 ;
; SEL[0]     ; LED_0[3]    ; 7.330 ; 7.330 ; 7.330 ; 7.330 ;
; SEL[0]     ; LED_0[4]    ; 7.330 ; 7.330 ; 7.330 ; 7.330 ;
; SEL[0]     ; LED_0[5]    ; 7.404 ; 7.404 ; 7.404 ; 7.404 ;
; SEL[0]     ; LED_0[6]    ; 7.404 ; 7.404 ; 7.404 ; 7.404 ;
; SEL[0]     ; LED_1[0]    ; 6.440 ; 6.567 ; 6.567 ; 6.440 ;
; SEL[0]     ; LED_1[1]    ; 6.438 ; 6.568 ; 6.568 ; 6.438 ;
; SEL[0]     ; LED_1[2]    ; 6.207 ; 6.332 ; 6.332 ; 6.207 ;
; SEL[0]     ; LED_1[3]    ; 6.181 ; 6.181 ; 6.181 ; 6.181 ;
; SEL[0]     ; LED_1[4]    ; 6.358 ; 6.228 ; 6.228 ; 6.358 ;
; SEL[0]     ; LED_1[5]    ; 6.314 ; 6.314 ; 6.314 ; 6.314 ;
; SEL[0]     ; LED_1[6]    ; 6.339 ; 6.339 ; 6.339 ; 6.339 ;
; SEL[0]     ; N           ; 6.217 ; 6.217 ; 6.217 ; 6.217 ;
; SEL[0]     ; V           ; 6.466 ; 6.466 ; 6.466 ; 6.466 ;
; SEL[0]     ; Z           ; 6.377 ; 6.377 ; 6.377 ; 6.377 ;
; SEL[1]     ; LED_0[0]    ; 7.473 ; 8.061 ; 8.061 ; 7.473 ;
; SEL[1]     ; LED_0[1]    ; 8.034 ; 7.446 ; 7.446 ; 8.034 ;
; SEL[1]     ; LED_0[2]    ; 8.044 ; 7.456 ; 7.456 ; 8.044 ;
; SEL[1]     ; LED_0[3]    ; 7.962 ; 7.374 ; 7.374 ; 7.962 ;
; SEL[1]     ; LED_0[4]    ; 7.962 ; 7.374 ; 7.374 ; 7.962 ;
; SEL[1]     ; LED_0[5]    ; 8.036 ; 7.448 ; 7.448 ; 8.036 ;
; SEL[1]     ; LED_0[6]    ; 8.036 ; 7.448 ; 7.448 ; 8.036 ;
; SEL[1]     ; LED_1[0]    ; 6.541 ; 6.611 ; 6.611 ; 6.541 ;
; SEL[1]     ; LED_1[1]    ; 6.539 ; 6.612 ; 6.612 ; 6.539 ;
; SEL[1]     ; LED_1[2]    ; 6.308 ; 6.376 ; 6.376 ; 6.308 ;
; SEL[1]     ; LED_1[3]    ; 6.282 ; 6.282 ; 6.282 ; 6.282 ;
; SEL[1]     ; LED_1[4]    ; 6.402 ; 6.329 ; 6.329 ; 6.402 ;
; SEL[1]     ; LED_1[5]    ; 6.415 ; 6.415 ; 6.415 ; 6.415 ;
; SEL[1]     ; LED_1[6]    ; 6.440 ; 6.440 ; 6.440 ; 6.440 ;
; SEL[1]     ; N           ;       ; 6.261 ; 6.261 ;       ;
; SEL[1]     ; V           ; 6.589 ; 6.268 ; 6.268 ; 6.589 ;
; SEL[1]     ; Z           ; 6.427 ; 6.483 ; 6.483 ; 6.427 ;
+------------+-------------+-------+-------+-------+-------+


+----------------------------------------------------------------------------+
; Multicorner Timing Analysis Summary                                        ;
+------------------+-------+------+----------+---------+---------------------+
; Clock            ; Setup ; Hold ; Recovery ; Removal ; Minimum Pulse Width ;
+------------------+-------+------+----------+---------+---------------------+
; Worst-case Slack ; N/A   ; N/A  ; N/A      ; N/A     ; N/A                 ;
; Design-wide TNS  ; 0.0   ; 0.0  ; 0.0      ; 0.0     ; 0.0                 ;
+------------------+-------+------+----------+---------+---------------------+


+--------------------------------------------------------------+
; Progagation Delay                                            ;
+------------+-------------+--------+--------+--------+--------+
; Input Port ; Output Port ; RR     ; RF     ; FR     ; FF     ;
+------------+-------------+--------+--------+--------+--------+
; A[0]       ; LED_0[0]    ; 11.632 ; 11.632 ; 11.632 ; 11.632 ;
; A[0]       ; LED_0[1]    ; 11.601 ; 11.601 ; 11.601 ; 11.601 ;
; A[0]       ; LED_0[2]    ; 11.611 ; 11.611 ; 11.611 ; 11.611 ;
; A[0]       ; LED_0[3]    ; 11.401 ; 11.401 ; 11.401 ; 11.401 ;
; A[0]       ; LED_0[4]    ; 11.401 ; 11.401 ; 11.401 ; 11.401 ;
; A[0]       ; LED_0[5]    ; 11.606 ; 11.606 ; 11.606 ; 11.606 ;
; A[0]       ; LED_0[6]    ; 11.606 ; 11.606 ; 11.606 ; 11.606 ;
; A[0]       ; LED_1[0]    ; 9.300  ; 9.300  ; 9.300  ; 9.300  ;
; A[0]       ; LED_1[1]    ; 9.308  ; 9.308  ; 9.308  ; 9.308  ;
; A[0]       ; LED_1[2]    ; 8.923  ; 8.923  ; 8.923  ; 8.923  ;
; A[0]       ; LED_1[3]    ; 8.870  ; 8.870  ; 8.870  ; 8.870  ;
; A[0]       ; LED_1[4]    ; 8.925  ; 8.925  ; 8.925  ; 8.925  ;
; A[0]       ; LED_1[5]    ; 9.159  ; 9.159  ; 9.159  ; 9.159  ;
; A[0]       ; LED_1[6]    ; 9.174  ; 9.174  ; 9.174  ; 9.174  ;
; A[0]       ; N           ; 7.904  ; 7.904  ; 7.904  ; 7.904  ;
; A[0]       ; V           ; 8.356  ; 8.356  ; 8.356  ; 8.356  ;
; A[0]       ; Z           ; 8.554  ; 8.554  ; 8.554  ; 8.554  ;
; A[1]       ; LED_0[0]    ; 11.104 ; 11.104 ; 11.104 ; 11.104 ;
; A[1]       ; LED_0[1]    ; 11.073 ; 11.073 ; 11.073 ; 11.073 ;
; A[1]       ; LED_0[2]    ; 11.083 ; 11.083 ; 11.083 ; 11.083 ;
; A[1]       ; LED_0[3]    ; 10.873 ; 10.873 ; 10.873 ; 10.873 ;
; A[1]       ; LED_0[4]    ; 10.873 ; 10.873 ; 10.873 ; 10.873 ;
; A[1]       ; LED_0[5]    ; 11.078 ; 11.078 ; 11.078 ; 11.078 ;
; A[1]       ; LED_0[6]    ; 11.078 ; 11.078 ; 11.078 ; 11.078 ;
; A[1]       ; LED_1[0]    ; 8.772  ; 8.772  ; 8.772  ; 8.772  ;
; A[1]       ; LED_1[1]    ; 8.780  ; 8.780  ; 8.780  ; 8.780  ;
; A[1]       ; LED_1[2]    ; 8.395  ; 8.395  ; 8.395  ; 8.395  ;
; A[1]       ; LED_1[3]    ; 8.342  ; 8.342  ; 8.342  ; 8.342  ;
; A[1]       ; LED_1[4]    ; 8.397  ; 8.397  ; 8.397  ; 8.397  ;
; A[1]       ; LED_1[5]    ; 8.631  ; 8.631  ; 8.631  ; 8.631  ;
; A[1]       ; LED_1[6]    ; 8.646  ; 8.646  ; 8.646  ; 8.646  ;
; A[1]       ; N           ; 7.376  ; 7.376  ; 7.376  ; 7.376  ;
; A[1]       ; V           ; 7.828  ; 7.828  ; 7.828  ; 7.828  ;
; A[1]       ; Z           ; 8.026  ; 8.026  ; 8.026  ; 8.026  ;
; A[2]       ; LED_0[0]    ; 11.048 ; 11.048 ; 11.048 ; 11.048 ;
; A[2]       ; LED_0[1]    ; 11.017 ; 11.017 ; 11.017 ; 11.017 ;
; A[2]       ; LED_0[2]    ; 11.027 ; 11.027 ; 11.027 ; 11.027 ;
; A[2]       ; LED_0[3]    ; 10.817 ; 10.817 ; 10.817 ; 10.817 ;
; A[2]       ; LED_0[4]    ; 10.817 ; 10.817 ; 10.817 ; 10.817 ;
; A[2]       ; LED_0[5]    ; 11.022 ; 11.022 ; 11.022 ; 11.022 ;
; A[2]       ; LED_0[6]    ; 11.022 ; 11.022 ; 11.022 ; 11.022 ;
; A[2]       ; LED_1[0]    ; 8.677  ; 8.677  ; 8.677  ; 8.677  ;
; A[2]       ; LED_1[1]    ; 8.724  ; 8.724  ; 8.724  ; 8.724  ;
; A[2]       ; LED_1[2]    ; 8.339  ; 8.339  ; 8.339  ; 8.339  ;
; A[2]       ; LED_1[3]    ; 8.286  ; 8.286  ; 8.286  ; 8.286  ;
; A[2]       ; LED_1[4]    ; 8.341  ; 8.341  ; 8.341  ; 8.341  ;
; A[2]       ; LED_1[5]    ; 8.575  ; 8.575  ; 8.575  ; 8.575  ;
; A[2]       ; LED_1[6]    ; 8.590  ; 8.590  ; 8.590  ; 8.590  ;
; A[2]       ; N           ; 7.320  ; 7.320  ; 7.320  ; 7.320  ;
; A[2]       ; V           ; 7.772  ; 7.772  ; 7.772  ; 7.772  ;
; A[2]       ; Z           ; 7.665  ; 7.669  ; 7.669  ; 7.665  ;
; A[3]       ; LED_0[0]    ; 10.811 ; 11.053 ; 11.053 ; 10.811 ;
; A[3]       ; LED_0[1]    ; 11.022 ; 10.780 ; 10.780 ; 11.022 ;
; A[3]       ; LED_0[2]    ; 11.032 ; 10.790 ; 10.790 ; 11.032 ;
; A[3]       ; LED_0[3]    ; 10.822 ; 10.580 ; 10.580 ; 10.822 ;
; A[3]       ; LED_0[4]    ; 10.822 ; 10.580 ; 10.580 ; 10.822 ;
; A[3]       ; LED_0[5]    ; 11.027 ; 10.785 ; 10.785 ; 11.027 ;
; A[3]       ; LED_0[6]    ; 11.027 ; 10.785 ; 10.785 ; 11.027 ;
; A[3]       ; LED_1[0]    ; 8.520  ; 8.682  ; 8.682  ; 8.520  ;
; A[3]       ; LED_1[1]    ; 8.729  ; 8.547  ; 8.547  ; 8.729  ;
; A[3]       ; LED_1[2]    ; 8.344  ; 8.147  ; 8.147  ; 8.344  ;
; A[3]       ; LED_1[3]    ; 8.291  ; 8.097  ; 8.097  ; 8.291  ;
; A[3]       ; LED_1[4]    ; 8.346  ; 8.164  ; 8.164  ; 8.346  ;
; A[3]       ; LED_1[5]    ; 8.580  ; 8.382  ; 8.382  ; 8.580  ;
; A[3]       ; LED_1[6]    ; 8.595  ; 8.411  ; 8.411  ; 8.595  ;
; A[3]       ; N           ; 7.365  ; 7.365  ; 7.365  ; 7.365  ;
; A[3]       ; V           ; 7.777  ; 7.535  ; 7.535  ; 7.777  ;
; B[0]       ; LED_0[0]    ; 12.156 ; 12.156 ; 12.156 ; 12.156 ;
; B[0]       ; LED_0[1]    ; 12.125 ; 12.125 ; 12.125 ; 12.125 ;
; B[0]       ; LED_0[2]    ; 12.135 ; 12.135 ; 12.135 ; 12.135 ;
; B[0]       ; LED_0[3]    ; 11.925 ; 11.925 ; 11.925 ; 11.925 ;
; B[0]       ; LED_0[4]    ; 11.925 ; 11.925 ; 11.925 ; 11.925 ;
; B[0]       ; LED_0[5]    ; 12.130 ; 12.130 ; 12.130 ; 12.130 ;
; B[0]       ; LED_0[6]    ; 12.130 ; 12.130 ; 12.130 ; 12.130 ;
; B[0]       ; LED_1[0]    ; 9.824  ; 9.824  ; 9.824  ; 9.824  ;
; B[0]       ; LED_1[1]    ; 9.832  ; 9.832  ; 9.832  ; 9.832  ;
; B[0]       ; LED_1[2]    ; 9.447  ; 9.447  ; 9.447  ; 9.447  ;
; B[0]       ; LED_1[3]    ; 9.394  ; 9.394  ; 9.394  ; 9.394  ;
; B[0]       ; LED_1[4]    ; 9.449  ; 9.449  ; 9.449  ; 9.449  ;
; B[0]       ; LED_1[5]    ; 9.683  ; 9.683  ; 9.683  ; 9.683  ;
; B[0]       ; LED_1[6]    ; 9.698  ; 9.698  ; 9.698  ; 9.698  ;
; B[0]       ; N           ; 8.428  ; 8.428  ; 8.428  ; 8.428  ;
; B[0]       ; V           ; 8.880  ; 8.880  ; 8.880  ; 8.880  ;
; B[0]       ; Z           ; 9.078  ; 9.078  ; 9.078  ; 9.078  ;
; B[1]       ; LED_0[0]    ; 11.992 ; 11.992 ; 11.992 ; 11.992 ;
; B[1]       ; LED_0[1]    ; 11.961 ; 11.961 ; 11.961 ; 11.961 ;
; B[1]       ; LED_0[2]    ; 11.971 ; 11.971 ; 11.971 ; 11.971 ;
; B[1]       ; LED_0[3]    ; 11.761 ; 11.761 ; 11.761 ; 11.761 ;
; B[1]       ; LED_0[4]    ; 11.761 ; 11.761 ; 11.761 ; 11.761 ;
; B[1]       ; LED_0[5]    ; 11.966 ; 11.966 ; 11.966 ; 11.966 ;
; B[1]       ; LED_0[6]    ; 11.966 ; 11.966 ; 11.966 ; 11.966 ;
; B[1]       ; LED_1[0]    ; 9.660  ; 9.660  ; 9.660  ; 9.660  ;
; B[1]       ; LED_1[1]    ; 9.668  ; 9.668  ; 9.668  ; 9.668  ;
; B[1]       ; LED_1[2]    ; 9.283  ; 9.283  ; 9.283  ; 9.283  ;
; B[1]       ; LED_1[3]    ; 9.230  ; 9.230  ; 9.230  ; 9.230  ;
; B[1]       ; LED_1[4]    ; 9.285  ; 9.285  ; 9.285  ; 9.285  ;
; B[1]       ; LED_1[5]    ; 9.519  ; 9.519  ; 9.519  ; 9.519  ;
; B[1]       ; LED_1[6]    ; 9.534  ; 9.534  ; 9.534  ; 9.534  ;
; B[1]       ; N           ; 8.264  ; 8.264  ; 8.264  ; 8.264  ;
; B[1]       ; V           ; 8.716  ; 8.716  ; 8.716  ; 8.716  ;
; B[1]       ; Z           ; 8.914  ; 8.914  ; 8.914  ; 8.914  ;
; B[2]       ; LED_0[0]    ; 10.634 ; 10.634 ; 10.634 ; 10.634 ;
; B[2]       ; LED_0[1]    ; 10.603 ; 10.603 ; 10.603 ; 10.603 ;
; B[2]       ; LED_0[2]    ; 10.613 ; 10.613 ; 10.613 ; 10.613 ;
; B[2]       ; LED_0[3]    ; 10.403 ; 10.403 ; 10.403 ; 10.403 ;
; B[2]       ; LED_0[4]    ; 10.403 ; 10.403 ; 10.403 ; 10.403 ;
; B[2]       ; LED_0[5]    ; 10.608 ; 10.608 ; 10.608 ; 10.608 ;
; B[2]       ; LED_0[6]    ; 10.608 ; 10.608 ; 10.608 ; 10.608 ;
; B[2]       ; LED_1[0]    ; 8.632  ; 8.632  ; 8.632  ; 8.632  ;
; B[2]       ; LED_1[1]    ; 8.659  ; 8.659  ; 8.659  ; 8.659  ;
; B[2]       ; LED_1[2]    ; 8.259  ; 8.259  ; 8.259  ; 8.259  ;
; B[2]       ; LED_1[3]    ; 8.209  ; 8.209  ; 8.209  ; 8.209  ;
; B[2]       ; LED_1[4]    ; 8.276  ; 8.276  ; 8.276  ; 8.276  ;
; B[2]       ; LED_1[5]    ; 8.494  ; 8.494  ; 8.494  ; 8.494  ;
; B[2]       ; LED_1[6]    ; 8.523  ; 8.523  ; 8.523  ; 8.523  ;
; B[2]       ; N           ; 6.906  ; 6.906  ; 6.906  ; 6.906  ;
; B[2]       ; V           ; 7.358  ; 7.358  ; 7.358  ; 7.358  ;
; B[2]       ; Z           ; 7.835  ; 7.842  ; 7.842  ; 7.835  ;
; B[3]       ; LED_0[0]    ; 11.081 ; 11.977 ; 11.977 ; 11.081 ;
; B[3]       ; LED_0[1]    ; 11.946 ; 11.050 ; 11.050 ; 11.946 ;
; B[3]       ; LED_0[2]    ; 11.956 ; 11.060 ; 11.060 ; 11.956 ;
; B[3]       ; LED_0[3]    ; 11.746 ; 10.850 ; 10.850 ; 11.746 ;
; B[3]       ; LED_0[4]    ; 11.746 ; 10.850 ; 10.850 ; 11.746 ;
; B[3]       ; LED_0[5]    ; 11.951 ; 11.055 ; 11.055 ; 11.951 ;
; B[3]       ; LED_0[6]    ; 11.951 ; 11.055 ; 11.055 ; 11.951 ;
; B[3]       ; LED_1[0]    ; 9.381  ; 9.606  ; 9.606  ; 9.381  ;
; B[3]       ; LED_1[1]    ; 9.653  ; 9.408  ; 9.408  ; 9.653  ;
; B[3]       ; LED_1[2]    ; 9.268  ; 9.008  ; 9.008  ; 9.268  ;
; B[3]       ; LED_1[3]    ; 9.215  ; 8.958  ; 8.958  ; 9.215  ;
; B[3]       ; LED_1[4]    ; 9.270  ; 9.025  ; 9.025  ; 9.270  ;
; B[3]       ; LED_1[5]    ; 9.504  ; 9.243  ; 9.243  ; 9.504  ;
; B[3]       ; LED_1[6]    ; 9.519  ; 9.272  ; 9.272  ; 9.519  ;
; B[3]       ; N           ; 8.226  ; 8.226  ; 8.226  ; 8.226  ;
; B[3]       ; V           ; 8.701  ; 7.805  ; 7.805  ; 8.701  ;
; C_IN       ; LED_0[0]    ; 12.053 ; 12.409 ; 12.409 ; 12.053 ;
; C_IN       ; LED_0[1]    ; 12.378 ; 12.022 ; 12.022 ; 12.378 ;
; C_IN       ; LED_0[2]    ; 12.388 ; 12.032 ; 12.032 ; 12.388 ;
; C_IN       ; LED_0[3]    ; 12.178 ; 11.822 ; 11.822 ; 12.178 ;
; C_IN       ; LED_0[4]    ; 12.178 ; 11.822 ; 11.822 ; 12.178 ;
; C_IN       ; LED_0[5]    ; 12.383 ; 12.027 ; 12.027 ; 12.383 ;
; C_IN       ; LED_0[6]    ; 12.383 ; 12.027 ; 12.027 ; 12.383 ;
; C_IN       ; LED_1[0]    ; 10.064 ; 10.064 ; 10.064 ; 10.064 ;
; C_IN       ; LED_1[1]    ; 10.091 ; 10.091 ; 10.091 ; 10.091 ;
; C_IN       ; LED_1[2]    ; 9.700  ; 9.691  ; 9.691  ; 9.700  ;
; C_IN       ; LED_1[3]    ; 9.647  ; 9.641  ; 9.641  ; 9.647  ;
; C_IN       ; LED_1[4]    ; 9.708  ; 9.708  ; 9.708  ; 9.708  ;
; C_IN       ; LED_1[5]    ; 9.936  ; 9.926  ; 9.926  ; 9.936  ;
; C_IN       ; LED_1[6]    ; 9.955  ; 9.955  ; 9.955  ; 9.955  ;
; C_IN       ; V           ; 9.133  ; 8.777  ; 8.777  ; 9.133  ;
; C_IN       ; Z           ; 8.965  ; 9.274  ; 9.274  ; 8.965  ;
; SEL[0]     ; LED_0[0]    ; 16.892 ; 16.892 ; 16.892 ; 16.892 ;
; SEL[0]     ; LED_0[1]    ; 16.861 ; 16.861 ; 16.861 ; 16.861 ;
; SEL[0]     ; LED_0[2]    ; 16.871 ; 16.871 ; 16.871 ; 16.871 ;
; SEL[0]     ; LED_0[3]    ; 16.661 ; 16.661 ; 16.661 ; 16.661 ;
; SEL[0]     ; LED_0[4]    ; 16.661 ; 16.661 ; 16.661 ; 16.661 ;
; SEL[0]     ; LED_0[5]    ; 16.866 ; 16.866 ; 16.866 ; 16.866 ;
; SEL[0]     ; LED_0[6]    ; 16.866 ; 16.866 ; 16.866 ; 16.866 ;
; SEL[0]     ; LED_1[0]    ; 14.560 ; 14.560 ; 14.560 ; 14.560 ;
; SEL[0]     ; LED_1[1]    ; 14.568 ; 14.568 ; 14.568 ; 14.568 ;
; SEL[0]     ; LED_1[2]    ; 14.183 ; 14.183 ; 14.183 ; 14.183 ;
; SEL[0]     ; LED_1[3]    ; 14.130 ; 14.130 ; 14.130 ; 14.130 ;
; SEL[0]     ; LED_1[4]    ; 14.185 ; 14.185 ; 14.185 ; 14.185 ;
; SEL[0]     ; LED_1[5]    ; 14.419 ; 14.419 ; 14.419 ; 14.419 ;
; SEL[0]     ; LED_1[6]    ; 14.434 ; 14.434 ; 14.434 ; 14.434 ;
; SEL[0]     ; N           ; 13.164 ; 13.164 ; 13.164 ; 13.164 ;
; SEL[0]     ; V           ; 13.616 ; 13.616 ; 13.616 ; 13.616 ;
; SEL[0]     ; Z           ; 13.814 ; 13.814 ; 13.814 ; 13.814 ;
; SEL[1]     ; LED_0[0]    ; 14.551 ; 15.254 ; 15.254 ; 14.551 ;
; SEL[1]     ; LED_0[1]    ; 15.223 ; 14.520 ; 14.520 ; 15.223 ;
; SEL[1]     ; LED_0[2]    ; 15.233 ; 14.530 ; 14.530 ; 15.233 ;
; SEL[1]     ; LED_0[3]    ; 15.023 ; 14.320 ; 14.320 ; 15.023 ;
; SEL[1]     ; LED_0[4]    ; 15.023 ; 14.320 ; 14.320 ; 15.023 ;
; SEL[1]     ; LED_0[5]    ; 15.228 ; 14.525 ; 14.525 ; 15.228 ;
; SEL[1]     ; LED_0[6]    ; 15.228 ; 14.525 ; 14.525 ; 15.228 ;
; SEL[1]     ; LED_1[0]    ; 13.498 ; 13.498 ; 13.498 ; 13.498 ;
; SEL[1]     ; LED_1[1]    ; 13.525 ; 13.525 ; 13.525 ; 13.525 ;
; SEL[1]     ; LED_1[2]    ; 13.125 ; 13.125 ; 13.125 ; 13.125 ;
; SEL[1]     ; LED_1[3]    ; 13.075 ; 13.075 ; 13.075 ; 13.075 ;
; SEL[1]     ; LED_1[4]    ; 13.142 ; 13.142 ; 13.142 ; 13.142 ;
; SEL[1]     ; LED_1[5]    ; 13.360 ; 13.360 ; 13.360 ; 13.360 ;
; SEL[1]     ; LED_1[6]    ; 13.389 ; 13.389 ; 13.389 ; 13.389 ;
; SEL[1]     ; N           ;        ; 11.177 ; 11.177 ;        ;
; SEL[1]     ; V           ; 11.978 ; 11.275 ; 11.275 ; 11.978 ;
; SEL[1]     ; Z           ; 12.749 ; 12.160 ; 12.160 ; 12.749 ;
+------------+-------------+--------+--------+--------+--------+


+----------------------------------------------------------+
; Minimum Progagation Delay                                ;
+------------+-------------+-------+-------+-------+-------+
; Input Port ; Output Port ; RR    ; RF    ; FR    ; FF    ;
+------------+-------------+-------+-------+-------+-------+
; A[0]       ; LED_0[0]    ; 5.218 ; 5.218 ; 5.218 ; 5.218 ;
; A[0]       ; LED_0[1]    ; 5.191 ; 5.191 ; 5.191 ; 5.191 ;
; A[0]       ; LED_0[2]    ; 5.201 ; 5.201 ; 5.201 ; 5.201 ;
; A[0]       ; LED_0[3]    ; 5.119 ; 5.119 ; 5.119 ; 5.119 ;
; A[0]       ; LED_0[4]    ; 5.119 ; 5.119 ; 5.119 ; 5.119 ;
; A[0]       ; LED_0[5]    ; 5.193 ; 5.193 ; 5.193 ; 5.193 ;
; A[0]       ; LED_0[6]    ; 5.193 ; 5.193 ; 5.193 ; 5.193 ;
; A[0]       ; LED_1[0]    ; 3.958 ; 3.958 ; 3.958 ; 3.958 ;
; A[0]       ; LED_1[1]    ; 3.956 ; 3.956 ; 3.956 ; 3.956 ;
; A[0]       ; LED_1[2]    ; 3.725 ; 3.725 ; 3.725 ; 3.725 ;
; A[0]       ; LED_1[3]    ; 3.699 ; 3.699 ; 3.699 ; 3.699 ;
; A[0]       ; LED_1[4]    ; 3.746 ; 3.746 ; 3.746 ; 3.746 ;
; A[0]       ; LED_1[5]    ; 3.832 ; 3.832 ; 3.832 ; 3.832 ;
; A[0]       ; LED_1[6]    ; 3.857 ; 3.857 ; 3.857 ; 3.857 ;
; A[0]       ; N           ; 4.006 ; 4.006 ; 4.006 ; 4.006 ;
; A[0]       ; V           ; 3.794 ; 3.892 ; 3.892 ; 3.794 ;
; A[0]       ; Z           ; 3.986 ; 3.986 ; 3.986 ; 3.986 ;
; A[1]       ; LED_0[0]    ; 4.986 ; 4.986 ; 4.986 ; 4.986 ;
; A[1]       ; LED_0[1]    ; 4.959 ; 4.959 ; 4.959 ; 4.959 ;
; A[1]       ; LED_0[2]    ; 4.969 ; 4.969 ; 4.969 ; 4.969 ;
; A[1]       ; LED_0[3]    ; 4.887 ; 4.887 ; 4.887 ; 4.887 ;
; A[1]       ; LED_0[4]    ; 4.887 ; 4.887 ; 4.887 ; 4.887 ;
; A[1]       ; LED_0[5]    ; 4.961 ; 4.961 ; 4.961 ; 4.961 ;
; A[1]       ; LED_0[6]    ; 4.961 ; 4.961 ; 4.961 ; 4.961 ;
; A[1]       ; LED_1[0]    ; 3.767 ; 3.967 ; 3.967 ; 3.767 ;
; A[1]       ; LED_1[1]    ; 3.765 ; 3.968 ; 3.968 ; 3.765 ;
; A[1]       ; LED_1[2]    ; 3.534 ; 3.732 ; 3.732 ; 3.534 ;
; A[1]       ; LED_1[3]    ; 3.508 ; 3.508 ; 3.508 ; 3.508 ;
; A[1]       ; LED_1[4]    ; 3.758 ; 3.555 ; 3.555 ; 3.758 ;
; A[1]       ; LED_1[5]    ; 3.641 ; 3.641 ; 3.641 ; 3.641 ;
; A[1]       ; LED_1[6]    ; 3.666 ; 3.666 ; 3.666 ; 3.666 ;
; A[1]       ; N           ; 3.774 ; 3.774 ; 3.774 ; 3.774 ;
; A[1]       ; V           ; 3.660 ; 3.660 ; 3.660 ; 3.660 ;
; A[1]       ; Z           ; 3.982 ; 3.709 ; 3.709 ; 3.982 ;
; A[2]       ; LED_0[0]    ; 4.979 ; 4.979 ; 4.979 ; 4.979 ;
; A[2]       ; LED_0[1]    ; 4.952 ; 4.952 ; 4.952 ; 4.952 ;
; A[2]       ; LED_0[2]    ; 4.962 ; 4.962 ; 4.962 ; 4.962 ;
; A[2]       ; LED_0[3]    ; 4.880 ; 4.880 ; 4.880 ; 4.880 ;
; A[2]       ; LED_0[4]    ; 4.880 ; 4.880 ; 4.880 ; 4.880 ;
; A[2]       ; LED_0[5]    ; 4.954 ; 4.954 ; 4.954 ; 4.954 ;
; A[2]       ; LED_0[6]    ; 4.954 ; 4.954 ; 4.954 ; 4.954 ;
; A[2]       ; LED_1[0]    ; 4.057 ; 4.057 ; 4.057 ; 4.057 ;
; A[2]       ; LED_1[1]    ; 4.055 ; 4.055 ; 4.055 ; 4.055 ;
; A[2]       ; LED_1[2]    ; 3.831 ; 3.831 ; 3.831 ; 3.831 ;
; A[2]       ; LED_1[3]    ; 3.803 ; 3.803 ; 3.803 ; 3.803 ;
; A[2]       ; LED_1[4]    ; 3.847 ; 3.847 ; 3.847 ; 3.847 ;
; A[2]       ; LED_1[5]    ; 3.939 ; 3.939 ; 3.939 ; 3.939 ;
; A[2]       ; LED_1[6]    ; 3.953 ; 3.953 ; 3.953 ; 3.953 ;
; A[2]       ; N           ; 3.767 ; 3.767 ; 3.767 ; 3.767 ;
; A[2]       ; V           ; 3.653 ; 3.653 ; 3.653 ; 3.653 ;
; A[2]       ; Z           ; 3.919 ; 3.919 ; 3.919 ; 3.919 ;
; A[3]       ; LED_0[0]    ; 4.965 ; 4.965 ; 4.965 ; 4.965 ;
; A[3]       ; LED_0[1]    ; 4.938 ; 4.938 ; 4.938 ; 4.938 ;
; A[3]       ; LED_0[2]    ; 4.948 ; 4.948 ; 4.948 ; 4.948 ;
; A[3]       ; LED_0[3]    ; 4.866 ; 4.866 ; 4.866 ; 4.866 ;
; A[3]       ; LED_0[4]    ; 4.866 ; 4.866 ; 4.866 ; 4.866 ;
; A[3]       ; LED_0[5]    ; 4.940 ; 4.940 ; 4.940 ; 4.940 ;
; A[3]       ; LED_0[6]    ; 4.940 ; 4.940 ; 4.940 ; 4.940 ;
; A[3]       ; LED_1[0]    ; 4.103 ; 4.103 ; 4.103 ; 4.103 ;
; A[3]       ; LED_1[1]    ; 4.104 ; 4.104 ; 4.104 ; 4.104 ;
; A[3]       ; LED_1[2]    ; 3.868 ; 3.868 ; 3.868 ; 3.868 ;
; A[3]       ; LED_1[3]    ; 3.846 ; 3.846 ; 3.846 ; 3.846 ;
; A[3]       ; LED_1[4]    ; 3.894 ; 3.894 ; 3.894 ; 3.894 ;
; A[3]       ; LED_1[5]    ; 3.975 ; 3.975 ; 3.975 ; 3.975 ;
; A[3]       ; LED_1[6]    ; 4.005 ; 4.005 ; 4.005 ; 4.005 ;
; A[3]       ; N           ; 3.753 ; 3.753 ; 3.753 ; 3.753 ;
; A[3]       ; V           ; 3.823 ; 3.823 ; 3.823 ; 3.823 ;
; B[0]       ; LED_0[0]    ; 5.453 ; 5.453 ; 5.453 ; 5.453 ;
; B[0]       ; LED_0[1]    ; 5.426 ; 5.426 ; 5.426 ; 5.426 ;
; B[0]       ; LED_0[2]    ; 5.436 ; 5.436 ; 5.436 ; 5.436 ;
; B[0]       ; LED_0[3]    ; 5.354 ; 5.354 ; 5.354 ; 5.354 ;
; B[0]       ; LED_0[4]    ; 5.354 ; 5.354 ; 5.354 ; 5.354 ;
; B[0]       ; LED_0[5]    ; 5.428 ; 5.428 ; 5.428 ; 5.428 ;
; B[0]       ; LED_0[6]    ; 5.428 ; 5.428 ; 5.428 ; 5.428 ;
; B[0]       ; LED_1[0]    ; 4.193 ; 4.193 ; 4.193 ; 4.193 ;
; B[0]       ; LED_1[1]    ; 4.191 ; 4.191 ; 4.191 ; 4.191 ;
; B[0]       ; LED_1[2]    ; 3.960 ; 3.960 ; 3.960 ; 3.960 ;
; B[0]       ; LED_1[3]    ; 3.934 ; 3.934 ; 3.934 ; 3.934 ;
; B[0]       ; LED_1[4]    ; 3.981 ; 3.981 ; 3.981 ; 3.981 ;
; B[0]       ; LED_1[5]    ; 4.067 ; 4.067 ; 4.067 ; 4.067 ;
; B[0]       ; LED_1[6]    ; 4.092 ; 4.092 ; 4.092 ; 4.092 ;
; B[0]       ; N           ; 4.241 ; 4.241 ; 4.241 ; 4.241 ;
; B[0]       ; V           ; 4.042 ; 4.127 ; 4.127 ; 4.042 ;
; B[0]       ; Z           ; 4.221 ; 4.221 ; 4.221 ; 4.221 ;
; B[1]       ; LED_0[0]    ; 5.366 ; 5.366 ; 5.366 ; 5.366 ;
; B[1]       ; LED_0[1]    ; 5.339 ; 5.339 ; 5.339 ; 5.339 ;
; B[1]       ; LED_0[2]    ; 5.349 ; 5.349 ; 5.349 ; 5.349 ;
; B[1]       ; LED_0[3]    ; 5.267 ; 5.267 ; 5.267 ; 5.267 ;
; B[1]       ; LED_0[4]    ; 5.267 ; 5.267 ; 5.267 ; 5.267 ;
; B[1]       ; LED_0[5]    ; 5.341 ; 5.341 ; 5.341 ; 5.341 ;
; B[1]       ; LED_0[6]    ; 5.341 ; 5.341 ; 5.341 ; 5.341 ;
; B[1]       ; LED_1[0]    ; 3.834 ; 4.034 ; 4.034 ; 3.834 ;
; B[1]       ; LED_1[1]    ; 3.832 ; 4.035 ; 4.035 ; 3.832 ;
; B[1]       ; LED_1[2]    ; 3.601 ; 3.799 ; 3.799 ; 3.601 ;
; B[1]       ; LED_1[3]    ; 3.575 ; 3.575 ; 3.575 ; 3.575 ;
; B[1]       ; LED_1[4]    ; 3.825 ; 3.622 ; 3.622 ; 3.825 ;
; B[1]       ; LED_1[5]    ; 3.708 ; 3.708 ; 3.708 ; 3.708 ;
; B[1]       ; LED_1[6]    ; 3.733 ; 3.733 ; 3.733 ; 3.733 ;
; B[1]       ; N           ; 4.154 ; 4.154 ; 4.154 ; 4.154 ;
; B[1]       ; V           ; 4.040 ; 4.040 ; 4.040 ; 4.040 ;
; B[1]       ; Z           ; 4.362 ; 3.776 ; 3.776 ; 4.362 ;
; B[2]       ; LED_0[0]    ; 4.783 ; 4.783 ; 4.783 ; 4.783 ;
; B[2]       ; LED_0[1]    ; 4.756 ; 4.756 ; 4.756 ; 4.756 ;
; B[2]       ; LED_0[2]    ; 4.766 ; 4.766 ; 4.766 ; 4.766 ;
; B[2]       ; LED_0[3]    ; 4.684 ; 4.684 ; 4.684 ; 4.684 ;
; B[2]       ; LED_0[4]    ; 4.684 ; 4.684 ; 4.684 ; 4.684 ;
; B[2]       ; LED_0[5]    ; 4.758 ; 4.758 ; 4.758 ; 4.758 ;
; B[2]       ; LED_0[6]    ; 4.758 ; 4.758 ; 4.758 ; 4.758 ;
; B[2]       ; LED_1[0]    ; 3.861 ; 3.861 ; 3.861 ; 3.861 ;
; B[2]       ; LED_1[1]    ; 3.859 ; 3.859 ; 3.859 ; 3.859 ;
; B[2]       ; LED_1[2]    ; 3.635 ; 3.635 ; 3.635 ; 3.635 ;
; B[2]       ; LED_1[3]    ; 3.607 ; 3.607 ; 3.607 ; 3.607 ;
; B[2]       ; LED_1[4]    ; 3.651 ; 3.651 ; 3.651 ; 3.651 ;
; B[2]       ; LED_1[5]    ; 3.743 ; 3.743 ; 3.743 ; 3.743 ;
; B[2]       ; LED_1[6]    ; 3.757 ; 3.757 ; 3.757 ; 3.757 ;
; B[2]       ; N           ; 3.571 ; 3.571 ; 3.571 ; 3.571 ;
; B[2]       ; V           ; 3.457 ; 3.457 ; 3.457 ; 3.457 ;
; B[2]       ; Z           ; 3.973 ; 3.973 ; 3.973 ; 3.973 ;
; B[3]       ; LED_0[0]    ; 5.494 ; 5.494 ; 5.494 ; 5.494 ;
; B[3]       ; LED_0[1]    ; 5.467 ; 5.467 ; 5.467 ; 5.467 ;
; B[3]       ; LED_0[2]    ; 5.477 ; 5.477 ; 5.477 ; 5.477 ;
; B[3]       ; LED_0[3]    ; 5.395 ; 5.395 ; 5.395 ; 5.395 ;
; B[3]       ; LED_0[4]    ; 5.395 ; 5.395 ; 5.395 ; 5.395 ;
; B[3]       ; LED_0[5]    ; 5.469 ; 5.469 ; 5.469 ; 5.469 ;
; B[3]       ; LED_0[6]    ; 5.469 ; 5.469 ; 5.469 ; 5.469 ;
; B[3]       ; LED_1[0]    ; 4.490 ; 4.490 ; 4.490 ; 4.490 ;
; B[3]       ; LED_1[1]    ; 4.488 ; 4.488 ; 4.488 ; 4.488 ;
; B[3]       ; LED_1[2]    ; 4.264 ; 4.264 ; 4.264 ; 4.264 ;
; B[3]       ; LED_1[3]    ; 4.236 ; 4.236 ; 4.236 ; 4.236 ;
; B[3]       ; LED_1[4]    ; 4.280 ; 4.280 ; 4.280 ; 4.280 ;
; B[3]       ; LED_1[5]    ; 4.372 ; 4.372 ; 4.372 ; 4.372 ;
; B[3]       ; LED_1[6]    ; 4.386 ; 4.386 ; 4.386 ; 4.386 ;
; B[3]       ; N           ; 4.282 ; 4.282 ; 4.282 ; 4.282 ;
; B[3]       ; V           ; 4.086 ; 4.086 ; 4.086 ; 4.086 ;
; C_IN       ; LED_0[0]    ; 6.002 ; 6.143 ; 6.143 ; 6.002 ;
; C_IN       ; LED_0[1]    ; 6.116 ; 5.975 ; 5.975 ; 6.116 ;
; C_IN       ; LED_0[2]    ; 6.126 ; 5.985 ; 5.985 ; 6.126 ;
; C_IN       ; LED_0[3]    ; 6.044 ; 5.903 ; 5.903 ; 6.044 ;
; C_IN       ; LED_0[4]    ; 6.044 ; 5.903 ; 5.903 ; 6.044 ;
; C_IN       ; LED_0[5]    ; 6.118 ; 5.977 ; 5.977 ; 6.118 ;
; C_IN       ; LED_0[6]    ; 6.118 ; 5.977 ; 5.977 ; 6.118 ;
; C_IN       ; LED_1[0]    ; 4.478 ; 4.478 ; 4.478 ; 4.478 ;
; C_IN       ; LED_1[1]    ; 4.476 ; 4.476 ; 4.476 ; 4.476 ;
; C_IN       ; LED_1[2]    ; 4.245 ; 4.245 ; 4.245 ; 4.245 ;
; C_IN       ; LED_1[3]    ; 4.219 ; 4.219 ; 4.219 ; 4.219 ;
; C_IN       ; LED_1[4]    ; 4.266 ; 4.266 ; 4.266 ; 4.266 ;
; C_IN       ; LED_1[5]    ; 4.352 ; 4.352 ; 4.352 ; 4.352 ;
; C_IN       ; LED_1[6]    ; 4.377 ; 4.377 ; 4.377 ; 4.377 ;
; C_IN       ; V           ; 4.671 ; 4.530 ; 4.530 ; 4.671 ;
; C_IN       ; Z           ; 4.420 ; 4.420 ; 4.420 ; 4.420 ;
; SEL[0]     ; LED_0[0]    ; 7.429 ; 7.429 ; 7.429 ; 7.429 ;
; SEL[0]     ; LED_0[1]    ; 7.402 ; 7.402 ; 7.402 ; 7.402 ;
; SEL[0]     ; LED_0[2]    ; 7.412 ; 7.412 ; 7.412 ; 7.412 ;
; SEL[0]     ; LED_0[3]    ; 7.330 ; 7.330 ; 7.330 ; 7.330 ;
; SEL[0]     ; LED_0[4]    ; 7.330 ; 7.330 ; 7.330 ; 7.330 ;
; SEL[0]     ; LED_0[5]    ; 7.404 ; 7.404 ; 7.404 ; 7.404 ;
; SEL[0]     ; LED_0[6]    ; 7.404 ; 7.404 ; 7.404 ; 7.404 ;
; SEL[0]     ; LED_1[0]    ; 6.440 ; 6.567 ; 6.567 ; 6.440 ;
; SEL[0]     ; LED_1[1]    ; 6.438 ; 6.568 ; 6.568 ; 6.438 ;
; SEL[0]     ; LED_1[2]    ; 6.207 ; 6.332 ; 6.332 ; 6.207 ;
; SEL[0]     ; LED_1[3]    ; 6.181 ; 6.181 ; 6.181 ; 6.181 ;
; SEL[0]     ; LED_1[4]    ; 6.358 ; 6.228 ; 6.228 ; 6.358 ;
; SEL[0]     ; LED_1[5]    ; 6.314 ; 6.314 ; 6.314 ; 6.314 ;
; SEL[0]     ; LED_1[6]    ; 6.339 ; 6.339 ; 6.339 ; 6.339 ;
; SEL[0]     ; N           ; 6.217 ; 6.217 ; 6.217 ; 6.217 ;
; SEL[0]     ; V           ; 6.466 ; 6.466 ; 6.466 ; 6.466 ;
; SEL[0]     ; Z           ; 6.377 ; 6.377 ; 6.377 ; 6.377 ;
; SEL[1]     ; LED_0[0]    ; 7.473 ; 8.061 ; 8.061 ; 7.473 ;
; SEL[1]     ; LED_0[1]    ; 8.034 ; 7.446 ; 7.446 ; 8.034 ;
; SEL[1]     ; LED_0[2]    ; 8.044 ; 7.456 ; 7.456 ; 8.044 ;
; SEL[1]     ; LED_0[3]    ; 7.962 ; 7.374 ; 7.374 ; 7.962 ;
; SEL[1]     ; LED_0[4]    ; 7.962 ; 7.374 ; 7.374 ; 7.962 ;
; SEL[1]     ; LED_0[5]    ; 8.036 ; 7.448 ; 7.448 ; 8.036 ;
; SEL[1]     ; LED_0[6]    ; 8.036 ; 7.448 ; 7.448 ; 8.036 ;
; SEL[1]     ; LED_1[0]    ; 6.541 ; 6.611 ; 6.611 ; 6.541 ;
; SEL[1]     ; LED_1[1]    ; 6.539 ; 6.612 ; 6.612 ; 6.539 ;
; SEL[1]     ; LED_1[2]    ; 6.308 ; 6.376 ; 6.376 ; 6.308 ;
; SEL[1]     ; LED_1[3]    ; 6.282 ; 6.282 ; 6.282 ; 6.282 ;
; SEL[1]     ; LED_1[4]    ; 6.402 ; 6.329 ; 6.329 ; 6.402 ;
; SEL[1]     ; LED_1[5]    ; 6.415 ; 6.415 ; 6.415 ; 6.415 ;
; SEL[1]     ; LED_1[6]    ; 6.440 ; 6.440 ; 6.440 ; 6.440 ;
; SEL[1]     ; N           ;       ; 6.261 ; 6.261 ;       ;
; SEL[1]     ; V           ; 6.589 ; 6.268 ; 6.268 ; 6.589 ;
; SEL[1]     ; Z           ; 6.427 ; 6.483 ; 6.483 ; 6.427 ;
+------------+-------------+-------+-------+-------+-------+


-------------------
; Clock Transfers ;
-------------------
Nothing to report.


---------------
; Report TCCS ;
---------------
No dedicated SERDES Transmitter circuitry present in device or used in design


---------------
; Report RSKM ;
---------------
No dedicated SERDES Receiver circuitry present in device or used in design


+------------------------------------------------+
; Unconstrained Paths                            ;
+---------------------------------+-------+------+
; Property                        ; Setup ; Hold ;
+---------------------------------+-------+------+
; Illegal Clocks                  ; 0     ; 0    ;
; Unconstrained Clocks            ; 0     ; 0    ;
; Unconstrained Input Ports       ; 11    ; 11   ;
; Unconstrained Input Port Paths  ; 184   ; 184  ;
; Unconstrained Output Ports      ; 17    ; 17   ;
; Unconstrained Output Port Paths ; 184   ; 184  ;
+---------------------------------+-------+------+


+------------------------------------+
; TimeQuest Timing Analyzer Messages ;
+------------------------------------+
Info: *******************************************************************
Info: Running Quartus II 32-bit TimeQuest Timing Analyzer
    Info: Version 13.0.1 Build 232 06/12/2013 Service Pack 1 SJ Web Edition
    Info: Processing started: Fri Jul  7 19:33:45 2017
Info: Command: quartus_sta calculadora -c calculadora
Info: qsta_default_script.tcl version: #1
Warning (20028): Parallel compilation is not licensed and has been disabled
Info (21077): Low junction temperature is 0 degrees C
Info (21077): High junction temperature is 85 degrees C
Critical Warning (332012): Synopsys Design Constraints File file not found: 'calculadora.sdc'. A Synopsys Design Constraints File is required by the TimeQuest Timing Analyzer to get proper timing constraints. Without it, the Compiler will not properly optimize the design.
Info (332142): No user constrained base clocks found in the design. Calling "derive_clocks -period 1.0"
Info (332096): The command derive_clocks did not find any clocks to derive.  No clocks were created or changed.
Warning (332068): No clocks defined in design.
Info: Found TIMEQUEST_REPORT_SCRIPT_INCLUDE_DEFAULT_ANALYSIS = ON
Info (332159): No clocks to report
Info: Analyzing Slow Model
Info (332140): No fmax paths to report
Info (332140): No Setup paths to report
Info (332140): No Hold paths to report
Info (332140): No Recovery paths to report
Info (332140): No Removal paths to report
Info (332140): No Minimum Pulse Width paths to report
Info (332001): The selected device family is not supported by the report_metastability command.
Info: Analyzing Fast Model
Info (332142): No user constrained base clocks found in the design. Calling "derive_clocks -period 1.0"
Info (332096): The command derive_clocks did not find any clocks to derive.  No clocks were created or changed.
Warning (332068): No clocks defined in design.
Info (332140): No Setup paths to report
Info (332140): No Hold paths to report
Info (332140): No Recovery paths to report
Info (332140): No Removal paths to report
Info (332140): No Minimum Pulse Width paths to report
Info (332001): The selected device family is not supported by the report_metastability command.
Info (332102): Design is not fully constrained for setup requirements
Info (332102): Design is not fully constrained for hold requirements
Info: Quartus II 32-bit TimeQuest Timing Analyzer was successful. 0 errors, 4 warnings
    Info: Peak virtual memory: 296 megabytes
    Info: Processing ended: Fri Jul  7 19:33:48 2017
    Info: Elapsed time: 00:00:03
    Info: Total CPU time (on all processors): 00:00:02


